{"total": {"lines":{"total":1026,"covered":842,"skipped":0,"pct":82.06},"statements":{"total":1100,"covered":905,"skipped":0,"pct":82.27},"functions":{"total":330,"covered":265,"skipped":0,"pct":80.3},"branches":{"total":491,"covered":338,"skipped":0,"pct":68.83},"branchesTrue":{"total":0,"covered":0,"skipped":0,"pct":100}}
,"/home/runner/work/media-player/media-player/src/components/animated-icon-wrapper/AnimatedIconWrapper.tsx": {"lines":{"total":4,"covered":4,"skipped":0,"pct":100},"functions":{"total":2,"covered":2,"skipped":0,"pct":100},"statements":{"total":4,"covered":4,"skipped":0,"pct":100},"branches":{"total":0,"covered":0,"skipped":0,"pct":100}}
,"/home/runner/work/media-player/media-player/src/components/animated-icon-wrapper/useAnimatedIconWrapperStyles.ts": {"lines":{"total":3,"covered":3,"skipped":0,"pct":100},"functions":{"total":1,"covered":1,"skipped":0,"pct":100},"statements":{"total":4,"covered":4,"skipped":0,"pct":100},"branches":{"total":0,"covered":0,"skipped":0,"pct":100}}
,"/home/runner/work/media-player/media-player/src/components/big-centered-button/BigCenteredButton.tsx": {"lines":{"total":3,"covered":3,"skipped":0,"pct":100},"functions":{"total":1,"covered":1,"skipped":0,"pct":100},"statements":{"total":3,"covered":3,"skipped":0,"pct":100},"branches":{"total":0,"covered":0,"skipped":0,"pct":100}}
,"/home/runner/work/media-player/media-player/src/components/big-centered-button/useBigCenteredButtonStyles.ts": {"lines":{"total":2,"covered":2,"skipped":0,"pct":100},"functions":{"total":1,"covered":1,"skipped":0,"pct":100},"statements":{"total":3,"covered":3,"skipped":0,"pct":100},"branches":{"total":0,"covered":0,"skipped":0,"pct":100}}
,"/home/runner/work/media-player/media-player/src/components/bottom-control-buttons/BottomControlButtons.tsx": {"lines":{"total":7,"covered":7,"skipped":0,"pct":100},"functions":{"total":1,"covered":1,"skipped":0,"pct":100},"statements":{"total":7,"covered":7,"skipped":0,"pct":100},"branches":{"total":6,"covered":6,"skipped":0,"pct":100}}
,"/home/runner/work/media-player/media-player/src/components/bottom-control-buttons/useBottomControlButtonsHook.ts": {"lines":{"total":4,"covered":4,"skipped":0,"pct":100},"functions":{"total":3,"covered":3,"skipped":0,"pct":100},"statements":{"total":6,"covered":6,"skipped":0,"pct":100},"branches":{"total":0,"covered":0,"skipped":0,"pct":100}}
,"/home/runner/work/media-player/media-player/src/components/bottom-control-buttons/useBottomControlButtonsStyles.ts": {"lines":{"total":1,"covered":1,"skipped":0,"pct":100},"functions":{"total":1,"covered":1,"skipped":0,"pct":100},"statements":{"total":2,"covered":2,"skipped":0,"pct":100},"branches":{"total":0,"covered":0,"skipped":0,"pct":100}}
,"/home/runner/work/media-player/media-player/src/components/bottom-control-buttons/components/FullscreenButton.tsx": {"lines":{"total":9,"covered":9,"skipped":0,"pct":100},"functions":{"total":2,"covered":2,"skipped":0,"pct":100},"statements":{"total":9,"covered":9,"skipped":0,"pct":100},"branches":{"total":8,"covered":8,"skipped":0,"pct":100}}
,"/home/runner/work/media-player/media-player/src/components/bottom-control-buttons/components/FwdButton.tsx": {"lines":{"total":9,"covered":9,"skipped":0,"pct":100},"functions":{"total":5,"covered":5,"skipped":0,"pct":100},"statements":{"total":12,"covered":12,"skipped":0,"pct":100},"branches":{"total":2,"covered":2,"skipped":0,"pct":100}}
,"/home/runner/work/media-player/media-player/src/components/bottom-control-buttons/components/PictureInPictureButton.tsx": {"lines":{"total":10,"covered":10,"skipped":0,"pct":100},"functions":{"total":3,"covered":3,"skipped":0,"pct":100},"statements":{"total":10,"covered":10,"skipped":0,"pct":100},"branches":{"total":4,"covered":4,"skipped":0,"pct":100}}
,"/home/runner/work/media-player/media-player/src/components/bottom-control-buttons/components/PlayPauseReplay.tsx": {"lines":{"total":11,"covered":10,"skipped":0,"pct":90.9},"functions":{"total":2,"covered":2,"skipped":0,"pct":100},"statements":{"total":11,"covered":10,"skipped":0,"pct":90.9},"branches":{"total":14,"covered":12,"skipped":0,"pct":85.71}}
,"/home/runner/work/media-player/media-player/src/components/bottom-control-buttons/components/PlaybackRateButton.tsx": {"lines":{"total":8,"covered":8,"skipped":0,"pct":100},"functions":{"total":2,"covered":2,"skipped":0,"pct":100},"statements":{"total":8,"covered":8,"skipped":0,"pct":100},"branches":{"total":2,"covered":2,"skipped":0,"pct":100}}
,"/home/runner/work/media-player/media-player/src/components/bottom-control-buttons/components/RwdButton.tsx": {"lines":{"total":9,"covered":9,"skipped":0,"pct":100},"functions":{"total":5,"covered":5,"skipped":0,"pct":100},"statements":{"total":12,"covered":12,"skipped":0,"pct":100},"branches":{"total":2,"covered":2,"skipped":0,"pct":100}}
,"/home/runner/work/media-player/media-player/src/components/bottom-control-buttons/components/TimeDisplay.tsx": {"lines":{"total":6,"covered":6,"skipped":0,"pct":100},"functions":{"total":3,"covered":3,"skipped":0,"pct":100},"statements":{"total":8,"covered":8,"skipped":0,"pct":100},"branches":{"total":1,"covered":1,"skipped":0,"pct":100}}
,"/home/runner/work/media-player/media-player/src/components/bottom-control-buttons/components/VolumeBarStyled.ts": {"lines":{"total":2,"covered":2,"skipped":0,"pct":100},"functions":{"total":1,"covered":1,"skipped":0,"pct":100},"statements":{"total":2,"covered":2,"skipped":0,"pct":100},"branches":{"total":0,"covered":0,"skipped":0,"pct":100}}
,"/home/runner/work/media-player/media-player/src/components/bottom-control-buttons/components/VolumeButton.tsx": {"lines":{"total":7,"covered":7,"skipped":0,"pct":100},"functions":{"total":3,"covered":3,"skipped":0,"pct":100},"statements":{"total":7,"covered":7,"skipped":0,"pct":100},"branches":{"total":6,"covered":5,"skipped":0,"pct":83.33}}
,"/home/runner/work/media-player/media-player/src/components/bottom-control-buttons/components/VolumeIcon.tsx": {"lines":{"total":6,"covered":5,"skipped":0,"pct":83.33},"functions":{"total":1,"covered":1,"skipped":0,"pct":100},"statements":{"total":6,"covered":5,"skipped":0,"pct":83.33},"branches":{"total":6,"covered":5,"skipped":0,"pct":83.33}}
,"/home/runner/work/media-player/media-player/src/components/bottom-control-buttons/components/VolumeSlider.tsx": {"lines":{"total":10,"covered":6,"skipped":0,"pct":60},"functions":{"total":3,"covered":2,"skipped":0,"pct":66.66},"statements":{"total":10,"covered":6,"skipped":0,"pct":60},"branches":{"total":3,"covered":1,"skipped":0,"pct":33.33}}
,"/home/runner/work/media-player/media-player/src/components/bottom-control-buttons/hooks/usePlaybackRateButtonHook.ts": {"lines":{"total":9,"covered":8,"skipped":0,"pct":88.88},"functions":{"total":3,"covered":3,"skipped":0,"pct":100},"statements":{"total":10,"covered":9,"skipped":0,"pct":90},"branches":{"total":4,"covered":3,"skipped":0,"pct":75}}
,"/home/runner/work/media-player/media-player/src/components/bottom-control-buttons/hooks/usePlaybackRateStyles.ts": {"lines":{"total":1,"covered":1,"skipped":0,"pct":100},"functions":{"total":1,"covered":1,"skipped":0,"pct":100},"statements":{"total":2,"covered":2,"skipped":0,"pct":100},"branches":{"total":0,"covered":0,"skipped":0,"pct":100}}
,"/home/runner/work/media-player/media-player/src/components/bottom-control-buttons/hooks/useTimeDisplayStyles.ts": {"lines":{"total":1,"covered":1,"skipped":0,"pct":100},"functions":{"total":1,"covered":1,"skipped":0,"pct":100},"statements":{"total":2,"covered":2,"skipped":0,"pct":100},"branches":{"total":0,"covered":0,"skipped":0,"pct":100}}
,"/home/runner/work/media-player/media-player/src/components/bottom-controls/BottomControls.tsx": {"lines":{"total":4,"covered":4,"skipped":0,"pct":100},"functions":{"total":1,"covered":1,"skipped":0,"pct":100},"statements":{"total":4,"covered":4,"skipped":0,"pct":100},"branches":{"total":0,"covered":0,"skipped":0,"pct":100}}
,"/home/runner/work/media-player/media-player/src/components/bottom-controls/useBottomControlsHook.ts": {"lines":{"total":3,"covered":0,"skipped":0,"pct":0},"functions":{"total":2,"covered":0,"skipped":0,"pct":0},"statements":{"total":4,"covered":0,"skipped":0,"pct":0},"branches":{"total":0,"covered":0,"skipped":0,"pct":100}}
,"/home/runner/work/media-player/media-player/src/components/bottom-controls/useBottomControlsStyles.ts": {"lines":{"total":3,"covered":3,"skipped":0,"pct":100},"functions":{"total":1,"covered":1,"skipped":0,"pct":100},"statements":{"total":3,"covered":3,"skipped":0,"pct":100},"branches":{"total":2,"covered":2,"skipped":0,"pct":100}}
,"/home/runner/work/media-player/media-player/src/components/centered-play-button/CenteredPlayButton.tsx": {"lines":{"total":7,"covered":7,"skipped":0,"pct":100},"functions":{"total":3,"covered":3,"skipped":0,"pct":100},"statements":{"total":9,"covered":9,"skipped":0,"pct":100},"branches":{"total":4,"covered":4,"skipped":0,"pct":100}}
,"/home/runner/work/media-player/media-player/src/components/centered-replay-button/CenteredReplayButton.tsx": {"lines":{"total":6,"covered":5,"skipped":0,"pct":83.33},"functions":{"total":1,"covered":1,"skipped":0,"pct":100},"statements":{"total":6,"covered":5,"skipped":0,"pct":83.33},"branches":{"total":4,"covered":2,"skipped":0,"pct":50}}
,"/home/runner/work/media-player/media-player/src/components/controls/Controls.tsx": {"lines":{"total":8,"covered":8,"skipped":0,"pct":100},"functions":{"total":3,"covered":3,"skipped":0,"pct":100},"statements":{"total":10,"covered":10,"skipped":0,"pct":100},"branches":{"total":5,"covered":5,"skipped":0,"pct":100}}
,"/home/runner/work/media-player/media-player/src/components/controls/useControlsStyles.ts": {"lines":{"total":1,"covered":1,"skipped":0,"pct":100},"functions":{"total":0,"covered":0,"skipped":0,"pct":100},"statements":{"total":1,"covered":1,"skipped":0,"pct":100},"branches":{"total":0,"covered":0,"skipped":0,"pct":100}}
,"/home/runner/work/media-player/media-player/src/components/core-player/CorePlayer.tsx": {"lines":{"total":7,"covered":7,"skipped":0,"pct":100},"functions":{"total":1,"covered":1,"skipped":0,"pct":100},"statements":{"total":7,"covered":7,"skipped":0,"pct":100},"branches":{"total":5,"covered":4,"skipped":0,"pct":80}}
,"/home/runner/work/media-player/media-player/src/components/core-player/types.ts": {"lines":{"total":1,"covered":1,"skipped":0,"pct":100},"functions":{"total":0,"covered":0,"skipped":0,"pct":100},"statements":{"total":1,"covered":1,"skipped":0,"pct":100},"branches":{"total":0,"covered":0,"skipped":0,"pct":100}}
,"/home/runner/work/media-player/media-player/src/components/core-player/components/ExternalStateUpdater.tsx": {"lines":{"total":11,"covered":10,"skipped":0,"pct":90.9},"functions":{"total":4,"covered":4,"skipped":0,"pct":100},"statements":{"total":11,"covered":10,"skipped":0,"pct":90.9},"branches":{"total":2,"covered":1,"skipped":0,"pct":50}}
,"/home/runner/work/media-player/media-player/src/components/core-player/hooks/media-type.ts": {"lines":{"total":13,"covered":13,"skipped":0,"pct":100},"functions":{"total":1,"covered":1,"skipped":0,"pct":100},"statements":{"total":13,"covered":13,"skipped":0,"pct":100},"branches":{"total":12,"covered":12,"skipped":0,"pct":100}}
,"/home/runner/work/media-player/media-player/src/components/core-player/hooks/useCorePlayerHook.ts": {"lines":{"total":4,"covered":4,"skipped":0,"pct":100},"functions":{"total":2,"covered":2,"skipped":0,"pct":100},"statements":{"total":4,"covered":4,"skipped":0,"pct":100},"branches":{"total":0,"covered":0,"skipped":0,"pct":100}}
,"/home/runner/work/media-player/media-player/src/components/draggable-popover/DraggablePopover.tsx": {"lines":{"total":11,"covered":11,"skipped":0,"pct":100},"functions":{"total":3,"covered":3,"skipped":0,"pct":100},"statements":{"total":12,"covered":12,"skipped":0,"pct":100},"branches":{"total":10,"covered":9,"skipped":0,"pct":90}}
,"/home/runner/work/media-player/media-player/src/components/draggable-popover/useDraggablePopoverHook.ts": {"lines":{"total":49,"covered":34,"skipped":0,"pct":69.38},"functions":{"total":12,"covered":6,"skipped":0,"pct":50},"statements":{"total":52,"covered":35,"skipped":0,"pct":67.3},"branches":{"total":30,"covered":17,"skipped":0,"pct":56.66}}
,"/home/runner/work/media-player/media-player/src/components/draggable-popover/useDraggablePopoverStyles.ts": {"lines":{"total":1,"covered":1,"skipped":0,"pct":100},"functions":{"total":1,"covered":1,"skipped":0,"pct":100},"statements":{"total":2,"covered":2,"skipped":0,"pct":100},"branches":{"total":9,"covered":8,"skipped":0,"pct":88.88}}
,"/home/runner/work/media-player/media-player/src/components/draggable-popover/usePipMouseActivity.ts": {"lines":{"total":39,"covered":27,"skipped":0,"pct":69.23},"functions":{"total":11,"covered":7,"skipped":0,"pct":63.63},"statements":{"total":40,"covered":27,"skipped":0,"pct":67.5},"branches":{"total":19,"covered":10,"skipped":0,"pct":52.63}}
,"/home/runner/work/media-player/media-player/src/components/frame/PlayerFrame.tsx": {"lines":{"total":3,"covered":3,"skipped":0,"pct":100},"functions":{"total":2,"covered":2,"skipped":0,"pct":100},"statements":{"total":4,"covered":4,"skipped":0,"pct":100},"branches":{"total":0,"covered":0,"skipped":0,"pct":100}}
,"/home/runner/work/media-player/media-player/src/components/media-container/MediaContainer.tsx": {"lines":{"total":20,"covered":18,"skipped":0,"pct":90},"functions":{"total":5,"covered":4,"skipped":0,"pct":80},"statements":{"total":20,"covered":18,"skipped":0,"pct":90},"branches":{"total":17,"covered":15,"skipped":0,"pct":88.23}}
,"/home/runner/work/media-player/media-player/src/components/media-container/UsePipHook.tsx": {"lines":{"total":29,"covered":21,"skipped":0,"pct":72.41},"functions":{"total":6,"covered":6,"skipped":0,"pct":100},"statements":{"total":29,"covered":21,"skipped":0,"pct":72.41},"branches":{"total":19,"covered":3,"skipped":0,"pct":15.78}}
,"/home/runner/work/media-player/media-player/src/components/media-container/useIsPlayerReadyHook.ts": {"lines":{"total":10,"covered":8,"skipped":0,"pct":80},"functions":{"total":2,"covered":2,"skipped":0,"pct":100},"statements":{"total":10,"covered":8,"skipped":0,"pct":80},"branches":{"total":6,"covered":3,"skipped":0,"pct":50}}
,"/home/runner/work/media-player/media-player/src/components/media-container/useMediaContainerStyles.ts": {"lines":{"total":4,"covered":4,"skipped":0,"pct":100},"functions":{"total":2,"covered":2,"skipped":0,"pct":100},"statements":{"total":4,"covered":4,"skipped":0,"pct":100},"branches":{"total":8,"covered":8,"skipped":0,"pct":100}}
,"/home/runner/work/media-player/media-player/src/components/media-container/useMouseActivityHook.ts": {"lines":{"total":37,"covered":37,"skipped":0,"pct":100},"functions":{"total":11,"covered":11,"skipped":0,"pct":100},"statements":{"total":38,"covered":38,"skipped":0,"pct":100},"branches":{"total":14,"covered":14,"skipped":0,"pct":100}}
,"/home/runner/work/media-player/media-player/src/components/media-container/useReactPlayerProps.ts": {"lines":{"total":26,"covered":17,"skipped":0,"pct":65.38},"functions":{"total":10,"covered":6,"skipped":0,"pct":60},"statements":{"total":27,"covered":18,"skipped":0,"pct":66.66},"branches":{"total":4,"covered":2,"skipped":0,"pct":50}}
,"/home/runner/work/media-player/media-player/src/components/media-player/MediaPlayer.tsx": {"lines":{"total":4,"covered":4,"skipped":0,"pct":100},"functions":{"total":1,"covered":1,"skipped":0,"pct":100},"statements":{"total":4,"covered":4,"skipped":0,"pct":100},"branches":{"total":3,"covered":3,"skipped":0,"pct":100}}
,"/home/runner/work/media-player/media-player/src/components/media-player/useMediaPlayerStyles.ts": {"lines":{"total":1,"covered":1,"skipped":0,"pct":100},"functions":{"total":1,"covered":1,"skipped":0,"pct":100},"statements":{"total":2,"covered":2,"skipped":0,"pct":100},"branches":{"total":0,"covered":0,"skipped":0,"pct":100}}
,"/home/runner/work/media-player/media-player/src/components/media-player/components/AdditionalControls.tsx": {"lines":{"total":9,"covered":9,"skipped":0,"pct":100},"functions":{"total":2,"covered":2,"skipped":0,"pct":100},"statements":{"total":10,"covered":10,"skipped":0,"pct":100},"branches":{"total":4,"covered":4,"skipped":0,"pct":100}}
,"/home/runner/work/media-player/media-player/src/components/media-poster/MediaPoster.tsx": {"lines":{"total":4,"covered":4,"skipped":0,"pct":100},"functions":{"total":1,"covered":1,"skipped":0,"pct":100},"statements":{"total":4,"covered":4,"skipped":0,"pct":100},"branches":{"total":0,"covered":0,"skipped":0,"pct":100}}
,"/home/runner/work/media-player/media-player/src/components/media-poster/useMediaPosterStyles.ts": {"lines":{"total":2,"covered":2,"skipped":0,"pct":100},"functions":{"total":1,"covered":1,"skipped":0,"pct":100},"statements":{"total":2,"covered":2,"skipped":0,"pct":100},"branches":{"total":6,"covered":3,"skipped":0,"pct":50}}
,"/home/runner/work/media-player/media-player/src/components/pip-controls/PipControls.tsx": {"lines":{"total":8,"covered":7,"skipped":0,"pct":87.5},"functions":{"total":2,"covered":2,"skipped":0,"pct":100},"statements":{"total":9,"covered":8,"skipped":0,"pct":88.88},"branches":{"total":3,"covered":2,"skipped":0,"pct":66.66}}
,"/home/runner/work/media-player/media-player/src/components/pip-controls/usePipControlsHook.ts": {"lines":{"total":14,"covered":12,"skipped":0,"pct":85.71},"functions":{"total":6,"covered":3,"skipped":0,"pct":50},"statements":{"total":16,"covered":12,"skipped":0,"pct":75},"branches":{"total":0,"covered":0,"skipped":0,"pct":100}}
,"/home/runner/work/media-player/media-player/src/components/pip-controls/usePipControlsStyles.tsx": {"lines":{"total":1,"covered":1,"skipped":0,"pct":100},"functions":{"total":1,"covered":1,"skipped":0,"pct":100},"statements":{"total":2,"covered":2,"skipped":0,"pct":100},"branches":{"total":0,"covered":0,"skipped":0,"pct":100}}
,"/home/runner/work/media-player/media-player/src/components/play-pause-animation/PauseAnimation.tsx": {"lines":{"total":16,"covered":15,"skipped":0,"pct":93.75},"functions":{"total":4,"covered":4,"skipped":0,"pct":100},"statements":{"total":17,"covered":16,"skipped":0,"pct":94.11},"branches":{"total":9,"covered":7,"skipped":0,"pct":77.77}}
,"/home/runner/work/media-player/media-player/src/components/play-pause-animation/PlayAnimation.tsx": {"lines":{"total":16,"covered":16,"skipped":0,"pct":100},"functions":{"total":4,"covered":4,"skipped":0,"pct":100},"statements":{"total":17,"covered":17,"skipped":0,"pct":100},"branches":{"total":9,"covered":8,"skipped":0,"pct":88.88}}
,"/home/runner/work/media-player/media-player/src/components/play-pause-animation/usePlayPauseAnimationStyles.ts": {"lines":{"total":1,"covered":1,"skipped":0,"pct":100},"functions":{"total":1,"covered":1,"skipped":0,"pct":100},"statements":{"total":2,"covered":2,"skipped":0,"pct":100},"branches":{"total":0,"covered":0,"skipped":0,"pct":100}}
,"/home/runner/work/media-player/media-player/src/components/play-pause-animation/usePlayPauseHook.ts": {"lines":{"total":5,"covered":5,"skipped":0,"pct":100},"functions":{"total":3,"covered":3,"skipped":0,"pct":100},"statements":{"total":7,"covered":7,"skipped":0,"pct":100},"branches":{"total":0,"covered":0,"skipped":0,"pct":100}}
,"/home/runner/work/media-player/media-player/src/components/player/Player.tsx": {"lines":{"total":3,"covered":3,"skipped":0,"pct":100},"functions":{"total":1,"covered":1,"skipped":0,"pct":100},"statements":{"total":3,"covered":3,"skipped":0,"pct":100},"branches":{"total":2,"covered":2,"skipped":0,"pct":100}}
,"/home/runner/work/media-player/media-player/src/components/player/usePlayerHook.ts": {"lines":{"total":61,"covered":37,"skipped":0,"pct":60.65},"functions":{"total":16,"covered":11,"skipped":0,"pct":68.75},"statements":{"total":63,"covered":38,"skipped":0,"pct":60.31},"branches":{"total":29,"covered":14,"skipped":0,"pct":48.27}}
,"/home/runner/work/media-player/media-player/src/components/progress-bar/EventBasedProgressBar.tsx": {"lines":{"total":16,"covered":0,"skipped":0,"pct":0},"functions":{"total":4,"covered":0,"skipped":0,"pct":0},"statements":{"total":16,"covered":0,"skipped":0,"pct":0},"branches":{"total":8,"covered":0,"skipped":0,"pct":0}}
,"/home/runner/work/media-player/media-player/src/components/progress-bar/ProgressBar.tsx": {"lines":{"total":14,"covered":8,"skipped":0,"pct":57.14},"functions":{"total":3,"covered":2,"skipped":0,"pct":66.66},"statements":{"total":14,"covered":8,"skipped":0,"pct":57.14},"branches":{"total":7,"covered":4,"skipped":0,"pct":57.14}}
,"/home/runner/work/media-player/media-player/src/components/progress-bar/useProgressBarStyles.ts": {"lines":{"total":2,"covered":2,"skipped":0,"pct":100},"functions":{"total":1,"covered":1,"skipped":0,"pct":100},"statements":{"total":2,"covered":2,"skipped":0,"pct":100},"branches":{"total":6,"covered":5,"skipped":0,"pct":83.33}}
,"/home/runner/work/media-player/media-player/src/components/progress-bar/components/EventRail.tsx": {"lines":{"total":7,"covered":0,"skipped":0,"pct":0},"functions":{"total":2,"covered":0,"skipped":0,"pct":0},"statements":{"total":7,"covered":0,"skipped":0,"pct":0},"branches":{"total":0,"covered":0,"skipped":0,"pct":100}}
,"/home/runner/work/media-player/media-player/src/components/progress-bar/components/ProgressBarStyled.ts": {"lines":{"total":2,"covered":2,"skipped":0,"pct":100},"functions":{"total":1,"covered":1,"skipped":0,"pct":100},"statements":{"total":2,"covered":2,"skipped":0,"pct":100},"branches":{"total":0,"covered":0,"skipped":0,"pct":100}}
,"/home/runner/work/media-player/media-player/src/components/progress-bar/components/Rail.tsx": {"lines":{"total":10,"covered":8,"skipped":0,"pct":80},"functions":{"total":4,"covered":3,"skipped":0,"pct":75},"statements":{"total":11,"covered":9,"skipped":0,"pct":81.81},"branches":{"total":0,"covered":0,"skipped":0,"pct":100}}
,"/home/runner/work/media-player/media-player/src/components/progress-bar/components/RailStyled.ts": {"lines":{"total":6,"covered":4,"skipped":0,"pct":66.66},"functions":{"total":3,"covered":1,"skipped":0,"pct":33.33},"statements":{"total":6,"covered":4,"skipped":0,"pct":66.66},"branches":{"total":8,"covered":0,"skipped":0,"pct":0}}
,"/home/runner/work/media-player/media-player/src/components/progress-bar/components/useRailStyles.ts": {"lines":{"total":1,"covered":1,"skipped":0,"pct":100},"functions":{"total":1,"covered":1,"skipped":0,"pct":100},"statements":{"total":2,"covered":2,"skipped":0,"pct":100},"branches":{"total":0,"covered":0,"skipped":0,"pct":100}}
,"/home/runner/work/media-player/media-player/src/context/EventRailsProvider.tsx": {"lines":{"total":2,"covered":1,"skipped":0,"pct":50},"functions":{"total":1,"covered":0,"skipped":0,"pct":0},"statements":{"total":2,"covered":1,"skipped":0,"pct":50},"branches":{"total":1,"covered":0,"skipped":0,"pct":0}}
,"/home/runner/work/media-player/media-player/src/context/HighlightsProvider.tsx": {"lines":{"total":2,"covered":2,"skipped":0,"pct":100},"functions":{"total":1,"covered":1,"skipped":0,"pct":100},"statements":{"total":2,"covered":2,"skipped":0,"pct":100},"branches":{"total":1,"covered":1,"skipped":0,"pct":100}}
,"/home/runner/work/media-player/media-player/src/context/MediaProvider.tsx": {"lines":{"total":25,"covered":17,"skipped":0,"pct":68},"functions":{"total":11,"covered":3,"skipped":0,"pct":27.27},"statements":{"total":27,"covered":17,"skipped":0,"pct":62.96},"branches":{"total":9,"covered":4,"skipped":0,"pct":44.44}}
,"/home/runner/work/media-player/media-player/src/context/PIPControlsProvider.tsx": {"lines":{"total":2,"covered":2,"skipped":0,"pct":100},"functions":{"total":1,"covered":1,"skipped":0,"pct":100},"statements":{"total":2,"covered":2,"skipped":0,"pct":100},"branches":{"total":1,"covered":1,"skipped":0,"pct":100}}
,"/home/runner/work/media-player/media-player/src/context/eventRails.ts": {"lines":{"total":2,"covered":1,"skipped":0,"pct":50},"functions":{"total":1,"covered":0,"skipped":0,"pct":0},"statements":{"total":2,"covered":1,"skipped":0,"pct":50},"branches":{"total":0,"covered":0,"skipped":0,"pct":100}}
,"/home/runner/work/media-player/media-player/src/context/highlights.ts": {"lines":{"total":1,"covered":1,"skipped":0,"pct":100},"functions":{"total":0,"covered":0,"skipped":0,"pct":100},"statements":{"total":1,"covered":1,"skipped":0,"pct":100},"branches":{"total":0,"covered":0,"skipped":0,"pct":100}}
,"/home/runner/work/media-player/media-player/src/context/pipControls.ts": {"lines":{"total":1,"covered":1,"skipped":0,"pct":100},"functions":{"total":0,"covered":0,"skipped":0,"pct":100},"statements":{"total":1,"covered":1,"skipped":0,"pct":100},"branches":{"total":0,"covered":0,"skipped":0,"pct":100}}
,"/home/runner/work/media-player/media-player/src/hooks/use-delayed-state.ts": {"lines":{"total":20,"covered":18,"skipped":0,"pct":90},"functions":{"total":6,"covered":6,"skipped":0,"pct":100},"statements":{"total":20,"covered":18,"skipped":0,"pct":90},"branches":{"total":11,"covered":7,"skipped":0,"pct":63.63}}
,"/home/runner/work/media-player/media-player/src/hooks/use-event-rails-context.ts": {"lines":{"total":5,"covered":1,"skipped":0,"pct":20},"functions":{"total":1,"covered":0,"skipped":0,"pct":0},"statements":{"total":5,"covered":1,"skipped":0,"pct":20},"branches":{"total":2,"covered":0,"skipped":0,"pct":0}}
,"/home/runner/work/media-player/media-player/src/hooks/use-highlights.ts": {"lines":{"total":5,"covered":4,"skipped":0,"pct":80},"functions":{"total":1,"covered":1,"skipped":0,"pct":100},"statements":{"total":5,"covered":4,"skipped":0,"pct":80},"branches":{"total":2,"covered":1,"skipped":0,"pct":50}}
,"/home/runner/work/media-player/media-player/src/hooks/use-is-audio.ts": {"lines":{"total":3,"covered":3,"skipped":0,"pct":100},"functions":{"total":2,"covered":2,"skipped":0,"pct":100},"statements":{"total":4,"covered":4,"skipped":0,"pct":100},"branches":{"total":0,"covered":0,"skipped":0,"pct":100}}
,"/home/runner/work/media-player/media-player/src/hooks/use-media-listener.ts": {"lines":{"total":13,"covered":12,"skipped":0,"pct":92.3},"functions":{"total":5,"covered":5,"skipped":0,"pct":100},"statements":{"total":13,"covered":12,"skipped":0,"pct":92.3},"branches":{"total":4,"covered":3,"skipped":0,"pct":75}}
,"/home/runner/work/media-player/media-player/src/hooks/use-media-type.ts": {"lines":{"total":3,"covered":1,"skipped":0,"pct":33.33},"functions":{"total":2,"covered":0,"skipped":0,"pct":0},"statements":{"total":4,"covered":1,"skipped":0,"pct":25},"branches":{"total":0,"covered":0,"skipped":0,"pct":100}}
,"/home/runner/work/media-player/media-player/src/hooks/use-on-hovered-element.ts": {"lines":{"total":24,"covered":23,"skipped":0,"pct":95.83},"functions":{"total":10,"covered":9,"skipped":0,"pct":90},"statements":{"total":25,"covered":24,"skipped":0,"pct":96},"branches":{"total":4,"covered":4,"skipped":0,"pct":100}}
,"/home/runner/work/media-player/media-player/src/hooks/use-one-ms-delayed-state.ts": {"lines":{"total":6,"covered":6,"skipped":0,"pct":100},"functions":{"total":2,"covered":2,"skipped":0,"pct":100},"statements":{"total":6,"covered":6,"skipped":0,"pct":100},"branches":{"total":0,"covered":0,"skipped":0,"pct":100}}
,"/home/runner/work/media-player/media-player/src/hooks/use-pip-controls-context.ts": {"lines":{"total":5,"covered":4,"skipped":0,"pct":80},"functions":{"total":1,"covered":1,"skipped":0,"pct":100},"statements":{"total":5,"covered":4,"skipped":0,"pct":80},"branches":{"total":2,"covered":1,"skipped":0,"pct":50}}
,"/home/runner/work/media-player/media-player/src/hooks/use-play-pause-replay.ts": {"lines":{"total":14,"covered":11,"skipped":0,"pct":78.57},"functions":{"total":8,"covered":7,"skipped":0,"pct":87.5},"statements":{"total":19,"covered":16,"skipped":0,"pct":84.21},"branches":{"total":2,"covered":0,"skipped":0,"pct":0}}
,"/home/runner/work/media-player/media-player/src/hooks/use-player-context.ts": {"lines":{"total":9,"covered":9,"skipped":0,"pct":100},"functions":{"total":2,"covered":2,"skipped":0,"pct":100},"statements":{"total":9,"covered":9,"skipped":0,"pct":100},"branches":{"total":2,"covered":1,"skipped":0,"pct":50}}
,"/home/runner/work/media-player/media-player/src/store/media-store.ts": {"lines":{"total":137,"covered":103,"skipped":0,"pct":75.18},"functions":{"total":54,"covered":44,"skipped":0,"pct":81.48},"statements":{"total":146,"covered":112,"skipped":0,"pct":76.71},"branches":{"total":82,"covered":48,"skipped":0,"pct":58.53}}
,"/home/runner/work/media-player/media-player/src/utils/MultiplySymbol.tsx": {"lines":{"total":1,"covered":1,"skipped":0,"pct":100},"functions":{"total":1,"covered":1,"skipped":0,"pct":100},"statements":{"total":2,"covered":2,"skipped":0,"pct":100},"branches":{"total":0,"covered":0,"skipped":0,"pct":100}}
,"/home/runner/work/media-player/media-player/src/utils/array.ts": {"lines":{"total":26,"covered":25,"skipped":0,"pct":96.15},"functions":{"total":3,"covered":3,"skipped":0,"pct":100},"statements":{"total":29,"covered":28,"skipped":0,"pct":96.55},"branches":{"total":19,"covered":19,"skipped":0,"pct":100}}
,"/home/runner/work/media-player/media-player/src/utils/colors.ts": {"lines":{"total":26,"covered":26,"skipped":0,"pct":100},"functions":{"total":7,"covered":7,"skipped":0,"pct":100},"statements":{"total":26,"covered":26,"skipped":0,"pct":100},"branches":{"total":13,"covered":12,"skipped":0,"pct":92.3}}
,"/home/runner/work/media-player/media-player/src/utils/constants.ts": {"lines":{"total":30,"covered":29,"skipped":0,"pct":96.66},"functions":{"total":2,"covered":0,"skipped":0,"pct":0},"statements":{"total":31,"covered":29,"skipped":0,"pct":93.54},"branches":{"total":0,"covered":0,"skipped":0,"pct":100}}
,"/home/runner/work/media-player/media-player/src/utils/highlights.ts": {"lines":{"total":4,"covered":4,"skipped":0,"pct":100},"functions":{"total":1,"covered":1,"skipped":0,"pct":100},"statements":{"total":4,"covered":4,"skipped":0,"pct":100},"branches":{"total":3,"covered":3,"skipped":0,"pct":100}}
,"/home/runner/work/media-player/media-player/src/utils/is-url-supported.ts": {"lines":{"total":5,"covered":5,"skipped":0,"pct":100},"functions":{"total":3,"covered":3,"skipped":0,"pct":100},"statements":{"total":8,"covered":8,"skipped":0,"pct":100},"branches":{"total":2,"covered":2,"skipped":0,"pct":100}}
,"/home/runner/work/media-player/media-player/src/utils/media-utils.ts": {"lines":{"total":9,"covered":8,"skipped":0,"pct":88.88},"functions":{"total":3,"covered":2,"skipped":0,"pct":66.66},"statements":{"total":9,"covered":8,"skipped":0,"pct":88.88},"branches":{"total":2,"covered":2,"skipped":0,"pct":100}}
,"/home/runner/work/media-player/media-player/src/utils/number.ts": {"lines":{"total":1,"covered":1,"skipped":0,"pct":100},"functions":{"total":1,"covered":1,"skipped":0,"pct":100},"statements":{"total":2,"covered":2,"skipped":0,"pct":100},"branches":{"total":0,"covered":0,"skipped":0,"pct":100}}
,"/home/runner/work/media-player/media-player/src/utils/sleep.ts": {"lines":{"total":2,"covered":2,"skipped":0,"pct":100},"functions":{"total":2,"covered":2,"skipped":0,"pct":100},"statements":{"total":3,"covered":3,"skipped":0,"pct":100},"branches":{"total":0,"covered":0,"skipped":0,"pct":100}}
,"/home/runner/work/media-player/media-player/src/utils/testing-render.tsx": {"lines":{"total":9,"covered":8,"skipped":0,"pct":88.88},"functions":{"total":4,"covered":3,"skipped":0,"pct":75},"statements":{"total":9,"covered":8,"skipped":0,"pct":88.88},"branches":{"total":0,"covered":0,"skipped":0,"pct":100}}
,"/home/runner/work/media-player/media-player/src/utils/time.ts": {"lines":{"total":12,"covered":12,"skipped":0,"pct":100},"functions":{"total":2,"covered":2,"skipped":0,"pct":100},"statements":{"total":12,"covered":12,"skipped":0,"pct":100},"branches":{"total":7,"covered":7,"skipped":0,"pct":100}}
}
