TN:
SF:src/components/animated-icon-wrapper/AnimatedIconWrapper.tsx
FN:20,(anonymous_0)
FN:34,(anonymous_1)
FNF:2
FNH:2
FNDA:79,(anonymous_0)
FNDA:91,(anonymous_1)
DA:20,1
DA:30,79
DA:32,79
DA:35,91
LF:4
LH:4
BRF:0
BRH:0
end_of_record
TN:
SF:src/components/animated-icon-wrapper/useAnimatedIconWrapperStyles.ts
FN:33,(anonymous_0)
FNF:1
FNH:1
FNDA:91,(anonymous_0)
DA:4,1
DA:14,1
DA:33,91
LF:3
LH:3
BRF:0
BRH:0
end_of_record
TN:
SF:src/components/big-centered-button/BigCenteredButton.tsx
FN:18,(anonymous_0)
FNF:1
FNH:1
FNDA:17,(anonymous_0)
DA:18,1
DA:24,17
DA:26,17
LF:3
LH:3
BRF:0
BRH:0
end_of_record
TN:
SF:src/components/big-centered-button/useBigCenteredButtonStyles.ts
FN:5,(anonymous_0)
FNF:1
FNH:1
FNDA:17,(anonymous_0)
DA:3,1
DA:5,17
LF:2
LH:2
BRF:0
BRH:0
end_of_record
TN:
SF:src/components/bottom-control-buttons/BottomControlButtons.tsx
FN:22,(anonymous_0)
FNF:1
FNH:1
FNDA:39,(anonymous_0)
DA:21,1
DA:27,39
DA:28,39
DA:30,39
DA:32,39
DA:33,17
DA:36,22
LF:7
LH:7
BRDA:25,0,0,39
BRDA:32,1,0,17
BRDA:32,1,1,22
BRDA:32,2,0,39
BRDA:32,2,1,38
BRDA:32,2,2,21
BRF:6
BRH:6
end_of_record
TN:
SF:src/components/bottom-control-buttons/useBottomControlButtonsHook.ts
FN:8,(anonymous_0)
FN:9,(anonymous_1)
FN:10,(anonymous_2)
FNF:3
FNH:3
FNDA:39,(anonymous_0)
FNDA:203,(anonymous_1)
FNDA:203,(anonymous_2)
DA:8,1
DA:9,203
DA:10,203
DA:12,39
LF:4
LH:4
BRF:0
BRH:0
end_of_record
TN:
SF:src/components/bottom-control-buttons/useBottomControlButtonsStyles.ts
FN:3,(anonymous_0)
FNF:1
FNH:1
FNDA:20,(anonymous_0)
DA:3,20
LF:1
LH:1
BRF:0
BRH:0
end_of_record
TN:
SF:src/components/bottom-control-buttons/components/FullscreenButton.tsx
FN:24,(anonymous_0)
FN:34,(anonymous_1)
FNF:2
FNH:2
FNDA:22,(anonymous_0)
FNDA:128,(anonymous_1)
DA:24,4
DA:33,22
DA:34,128
DA:42,22
DA:43,22
DA:45,22
DA:47,22
DA:48,3
DA:50,19
LF:9
LH:9
BRDA:25,0,0,22
BRDA:30,1,0,22
BRDA:45,2,0,2
BRDA:45,2,1,20
BRDA:47,3,0,3
BRDA:47,3,1,19
BRDA:59,4,0,17
BRDA:59,4,1,2
BRF:8
BRH:8
end_of_record
TN:
SF:src/components/bottom-control-buttons/components/FwdButton.tsx
FN:20,(anonymous_0)
FN:27,(anonymous_1)
FN:29,(anonymous_2)
FN:30,(anonymous_3)
FN:34,(anonymous_4)
FNF:5
FNH:5
FNDA:26,(anonymous_0)
FNDA:153,(anonymous_1)
FNDA:153,(anonymous_2)
FNDA:1,(anonymous_3)
FNDA:25,(anonymous_4)
DA:20,4
DA:26,26
DA:27,153
DA:28,26
DA:29,153
DA:30,26
DA:32,26
DA:34,25
DA:38,26
LF:9
LH:9
BRDA:21,0,0,26
BRDA:22,1,0,26
BRF:2
BRH:2
end_of_record
TN:
SF:src/components/bottom-control-buttons/components/PictureInPictureButton.tsx
FN:20,(anonymous_0)
FN:28,(anonymous_1)
FN:37,(anonymous_2)
FNF:3
FNH:3
FNDA:40,(anonymous_0)
FNDA:173,(anonymous_1)
FNDA:6,(anonymous_2)
DA:20,4
DA:26,40
DA:27,40
DA:28,173
DA:37,40
DA:38,6
DA:39,2
DA:40,2
DA:42,4
DA:45,40
LF:10
LH:10
BRDA:21,0,0,40
BRDA:23,1,0,40
BRDA:38,2,0,2
BRDA:38,2,1,4
BRF:4
BRH:4
end_of_record
TN:
SF:src/components/bottom-control-buttons/components/PlayPauseReplay.tsx
FN:27,(anonymous_0)
FN:45,(anonymous_1)
FNF:2
FNH:2
FNDA:48,(anonymous_0)
FNDA:8,(anonymous_1)
DA:27,4
DA:40,48
DA:41,48
DA:43,48
DA:45,48
DA:46,8
DA:47,0
DA:50,8
DA:51,3
DA:53,5
DA:56,48
LF:11
LH:10
BRDA:30,0,0,48
BRDA:35,1,0,14
BRDA:37,2,0,48
BRDA:46,3,0,0
BRDA:46,3,1,8
BRDA:50,4,0,3
BRDA:50,4,1,5
BRDA:66,5,0,48
BRDA:66,5,1,0
BRDA:73,6,0,48
BRDA:73,6,1,26
BRDA:80,7,0,48
BRDA:80,7,1,48
BRDA:80,7,2,22
BRF:14
BRH:12
end_of_record
TN:
SF:src/components/bottom-control-buttons/components/PlaybackRateButton.tsx
FN:18,(anonymous_0)
FN:25,(anonymous_1)
FNF:2
FNH:2
FNDA:29,(anonymous_0)
FNDA:155,(anonymous_1)
DA:18,4
DA:24,29
DA:25,155
DA:28,29
DA:29,29
DA:35,29
DA:36,29
DA:38,29
LF:8
LH:8
BRDA:20,0,0,29
BRDA:21,1,0,29
BRF:2
BRH:2
end_of_record
TN:
SF:src/components/bottom-control-buttons/components/RwdButton.tsx
FN:20,(anonymous_0)
FN:28,(anonymous_1)
FN:30,(anonymous_2)
FN:32,(anonymous_3)
FN:36,(anonymous_4)
FNF:5
FNH:5
FNDA:26,(anonymous_0)
FNDA:153,(anonymous_1)
FNDA:153,(anonymous_2)
FNDA:2,(anonymous_3)
FNDA:25,(anonymous_4)
DA:20,4
DA:26,26
DA:28,153
DA:29,26
DA:30,153
DA:32,26
DA:34,26
DA:36,25
DA:40,26
LF:9
LH:9
BRDA:21,0,0,26
BRDA:22,1,0,26
BRF:2
BRH:2
end_of_record
TN:
SF:src/components/bottom-control-buttons/components/TimeDisplay.tsx
FN:17,(anonymous_0)
FN:22,(anonymous_1)
FN:23,(anonymous_2)
FNF:3
FNH:3
FNDA:30,(anonymous_0)
FNDA:156,(anonymous_1)
FNDA:156,(anonymous_2)
DA:11,4
DA:17,4
DA:22,156
DA:23,156
DA:28,30
DA:30,30
LF:6
LH:6
BRDA:18,0,0,30
BRF:1
BRH:1
end_of_record
TN:
SF:src/components/bottom-control-buttons/components/VolumeBarStyled.ts
FN:5,(anonymous_0)
FNF:1
FNH:1
FNDA:25,(anonymous_0)
DA:4,4
DA:5,25
LF:2
LH:2
BRF:0
BRH:0
end_of_record
TN:
SF:src/components/bottom-control-buttons/components/VolumeButton.tsx
FN:21,(anonymous_0)
FN:29,(anonymous_1)
FN:38,(anonymous_2)
FNF:3
FNH:3
FNDA:27,(anonymous_0)
FNDA:154,(anonymous_1)
FNDA:1,(anonymous_2)
DA:21,4
DA:27,27
DA:28,27
DA:29,154
DA:38,27
DA:39,1
DA:42,27
LF:7
LH:7
BRDA:22,0,0,27
BRDA:24,1,0,27
BRDA:39,2,0,0
BRDA:39,2,1,1
BRDA:51,3,0,1
BRDA:51,3,1,26
BRF:6
BRH:5
end_of_record
TN:
SF:src/components/bottom-control-buttons/components/VolumeIcon.tsx
FN:26,(anonymous_0)
FNF:1
FNH:1
FNDA:27,(anonymous_0)
DA:26,4
DA:36,27
DA:37,1
DA:39,26
DA:40,26
DA:42,0
LF:6
LH:5
BRDA:28,0,0,27
BRDA:33,1,0,27
BRDA:36,2,0,1
BRDA:36,2,1,26
BRDA:39,3,0,26
BRDA:39,3,1,0
BRF:6
BRH:5
end_of_record
TN:
SF:src/components/bottom-control-buttons/components/VolumeSlider.tsx
FN:19,(anonymous_0)
FN:25,(anonymous_1)
FN:29,(anonymous_2)
FNF:3
FNH:2
FNDA:25,(anonymous_0)
FNDA:151,(anonymous_1)
FNDA:0,(anonymous_2)
DA:19,4
DA:23,25
DA:24,25
DA:25,151
DA:29,25
DA:34,0
DA:35,0
DA:36,0
DA:38,0
DA:41,25
LF:10
LH:6
BRDA:20,0,0,25
BRDA:35,1,0,0
BRDA:35,1,1,0
BRF:3
BRH:1
end_of_record
TN:
SF:src/components/bottom-control-buttons/hooks/usePlaybackRateButtonHook.ts
FN:10,(anonymous_0)
FN:15,(anonymous_1)
FN:18,(anonymous_2)
FNF:3
FNH:3
FNDA:37,(anonymous_0)
FNDA:6,(anonymous_1)
FNDA:8,(anonymous_2)
DA:10,4
DA:15,37
DA:17,6
DA:18,8
DA:20,6
DA:21,0
DA:26,6
DA:27,6
DA:30,37
LF:9
LH:8
BRDA:20,0,0,0
BRDA:20,0,1,6
BRDA:26,1,0,4
BRDA:26,1,1,2
BRF:4
BRH:3
end_of_record
TN:
SF:src/components/bottom-control-buttons/hooks/usePlaybackRateStyles.ts
FN:3,(anonymous_0)
FNF:1
FNH:1
FNDA:25,(anonymous_0)
DA:3,25
LF:1
LH:1
BRF:0
BRH:0
end_of_record
TN:
SF:src/components/bottom-control-buttons/hooks/useTimeDisplayStyles.ts
FN:3,(anonymous_0)
FNF:1
FNH:1
FNDA:25,(anonymous_0)
DA:3,25
LF:1
LH:1
BRF:0
BRH:0
end_of_record
TN:
SF:src/components/bottom-controls/BottomControls.tsx
FN:16,(anonymous_0)
FNF:1
FNH:1
FNDA:20,(anonymous_0)
DA:16,1
DA:20,20
DA:24,20
DA:25,20
LF:4
LH:4
BRF:0
BRH:0
end_of_record
TN:
SF:src/components/bottom-controls/useBottomControlsHook.ts
FN:7,(anonymous_0)
FN:8,(anonymous_1)
FNF:2
FNH:0
FNDA:0,(anonymous_0)
FNDA:0,(anonymous_1)
DA:7,0
DA:8,0
DA:9,0
LF:3
LH:0
BRF:0
BRH:0
end_of_record
TN:
SF:src/components/bottom-controls/useBottomControlsStyles.ts
FN:4,(anonymous_0)
FNF:1
FNH:1
FNDA:40,(anonymous_0)
DA:3,1
DA:5,40
DA:6,40
LF:3
LH:3
BRDA:5,0,0,34
BRDA:5,0,1,6
BRF:2
BRH:2
end_of_record
TN:
SF:src/components/centered-play-button/CenteredPlayButton.tsx
FN:20,(anonymous_0)
FN:25,(anonymous_1)
FN:26,(anonymous_2)
FNF:3
FNH:3
FNDA:38,(anonymous_0)
FNDA:205,(anonymous_1)
FNDA:205,(anonymous_2)
DA:20,1
DA:24,38
DA:25,205
DA:26,205
DA:28,38
DA:29,21
DA:32,17
LF:7
LH:7
BRDA:28,0,0,21
BRDA:28,0,1,17
BRDA:28,1,0,38
BRDA:28,1,1,20
BRF:4
BRH:4
end_of_record
TN:
SF:src/components/centered-replay-button/CenteredReplayButton.tsx
FN:18,(anonymous_0)
FNF:1
FNH:1
FNDA:46,(anonymous_0)
DA:18,1
DA:22,46
DA:23,46
DA:24,46
DA:25,46
DA:28,0
LF:6
LH:5
BRDA:24,0,0,46
BRDA:24,0,1,0
BRDA:24,1,0,46
BRDA:24,1,1,0
BRF:4
BRH:2
end_of_record
TN:
SF:src/components/controls/Controls.tsx
FN:19,(anonymous_0)
FN:24,(anonymous_1)
FN:25,(anonymous_2)
FNF:3
FNH:3
FNDA:24,(anonymous_0)
FNDA:191,(anonymous_1)
FNDA:191,(anonymous_2)
DA:19,1
DA:24,191
DA:25,191
DA:28,24
DA:29,24
DA:32,24
DA:33,3
DA:36,21
LF:8
LH:8
BRDA:22,0,0,24
BRDA:32,1,0,3
BRDA:32,1,1,21
BRDA:32,2,0,24
BRDA:32,2,1,4
BRF:5
BRH:5
end_of_record
TN:
SF:src/components/controls/useControlsStyles.ts
FNF:0
FNH:0
DA:3,1
LF:1
LH:1
BRF:0
BRH:0
end_of_record
TN:
SF:src/components/core-player/CorePlayer.tsx
FN:66,(anonymous_0)
FNF:1
FNH:1
FNDA:20,(anonymous_0)
DA:65,1
DA:86,20
DA:87,20
DA:88,20
DA:89,20
DA:90,20
DA:92,20
LF:7
LH:7
BRDA:82,0,0,20
BRDA:83,1,0,20
BRDA:84,2,0,0
BRDA:88,3,0,20
BRDA:88,3,1,20
BRF:5
BRH:4
end_of_record
TN:
SF:src/components/core-player/types.ts
FNF:0
FNH:0
DA:12,5
LF:1
LH:1
BRF:0
BRH:0
end_of_record
TN:
SF:src/components/core-player/components/ExternalStateUpdater.tsx
FN:18,(anonymous_0)
FN:26,(anonymous_1)
FN:36,(anonymous_2)
FN:42,(anonymous_3)
FNF:4
FNH:4
FNDA:22,(anonymous_0)
FNDA:278,(anonymous_1)
FNDA:22,(anonymous_2)
FNDA:22,(anonymous_3)
DA:18,2
DA:25,22
DA:26,278
DA:36,22
DA:37,22
DA:38,0
DA:42,22
DA:43,22
DA:44,22
DA:45,22
DA:55,22
LF:11
LH:10
BRDA:37,0,0,0
BRDA:37,0,1,22
BRF:2
BRH:1
end_of_record
TN:
SF:src/components/core-player/hooks/media-type.ts
FN:9,getMediaType
FNF:1
FNH:1
FNDA:26,getMediaType
DA:13,26
DA:14,1
DA:17,25
DA:18,3
DA:19,1
DA:20,2
DA:21,1
DA:23,1
DA:27,22
DA:28,21
DA:29,3
DA:31,18
DA:34,1
LF:13
LH:13
BRDA:13,0,0,1
BRDA:13,0,1,25
BRDA:17,1,0,3
BRDA:17,1,1,22
BRDA:18,2,0,1
BRDA:18,2,1,2
BRDA:20,3,0,1
BRDA:20,3,1,1
BRDA:27,4,0,21
BRDA:27,4,1,1
BRDA:28,5,0,3
BRDA:28,5,1,18
BRF:12
BRH:12
end_of_record
TN:
SF:src/components/core-player/hooks/useCorePlayerHook.ts
FN:15,(anonymous_0)
FN:20,(anonymous_1)
FNF:2
FNH:2
FNDA:20,(anonymous_0)
FNDA:20,(anonymous_1)
DA:15,1
DA:19,20
DA:20,20
DA:23,20
LF:4
LH:4
BRF:0
BRH:0
end_of_record
TN:
SF:src/components/draggable-popover/DraggablePopover.tsx
FN:48,(anonymous_0)
FN:63,(anonymous_1)
FN:94,(anonymous_2)
FNF:3
FNH:3
FNDA:117,(anonymous_0)
FNDA:284,(anonymous_1)
FNDA:198,(anonymous_2)
DA:24,1
DA:47,1
DA:59,117
DA:61,117
DA:62,117
DA:63,284
DA:71,117
DA:79,117
DA:84,117
DA:89,117
DA:95,198
LF:11
LH:11
BRDA:53,0,0,117
BRDA:54,1,0,117
BRDA:55,2,0,117
BRDA:95,3,0,198
BRDA:95,3,1,99
BRDA:95,3,2,99
BRDA:126,4,0,117
BRDA:126,4,1,6
BRDA:128,5,0,6
BRDA:128,5,1,0
BRF:10
BRH:9
end_of_record
TN:
SF:src/components/draggable-popover/useDraggablePopoverHook.ts
FN:47,(anonymous_0)
FN:83,(anonymous_1)
FN:85,(anonymous_2)
FN:88,(anonymous_3)
FN:96,(anonymous_4)
FN:105,(anonymous_5)
FN:106,(anonymous_6)
FN:114,(anonymous_7)
FN:118,(anonymous_8)
FN:136,(anonymous_9)
FN:150,(anonymous_10)
FN:162,(anonymous_11)
FNF:12
FNH:6
FNDA:117,(anonymous_0)
FNDA:0,(anonymous_1)
FNDA:0,(anonymous_2)
FNDA:0,(anonymous_3)
FNDA:0,(anonymous_4)
FNDA:24,(anonymous_5)
FNDA:0,(anonymous_6)
FNDA:24,(anonymous_7)
FNDA:20,(anonymous_8)
FNDA:24,(anonymous_9)
FNDA:24,(anonymous_10)
FNDA:0,(anonymous_11)
DA:38,1
DA:40,1
DA:47,1
DA:54,117
DA:56,117
DA:58,117
DA:60,117
DA:61,117
DA:69,117
DA:70,117
DA:72,117
DA:74,117
DA:83,117
DA:84,0
DA:85,0
DA:88,117
DA:95,0
DA:96,0
DA:105,117
DA:106,24
DA:107,0
DA:108,0
DA:109,0
DA:111,0
DA:113,24
DA:114,24
DA:118,117
DA:119,20
DA:120,0
DA:122,20
DA:123,20
DA:125,20
DA:136,117
DA:139,24
DA:140,3
DA:143,21
DA:144,21
DA:145,21
DA:150,117
DA:152,24
DA:154,24
DA:155,0
DA:158,24
DA:159,0
DA:161,0
DA:162,0
DA:163,0
DA:164,0
DA:174,117
LF:49
LH:34
BRDA:74,0,0,111
BRDA:74,0,1,6
BRDA:107,1,0,0
BRDA:107,1,1,0
BRDA:119,2,0,0
BRDA:119,2,1,20
BRDA:119,3,0,20
BRDA:119,3,1,20
BRDA:139,4,0,3
BRDA:139,4,1,21
BRDA:139,5,0,24
BRDA:139,5,1,3
BRDA:143,6,0,21
BRDA:143,6,1,0
BRDA:152,7,0,24
BRDA:152,7,1,0
BRDA:154,8,0,0
BRDA:154,8,1,24
BRDA:154,9,0,24
BRDA:154,9,1,3
BRDA:158,10,0,0
BRDA:158,10,1,24
BRDA:158,11,0,24
BRDA:158,11,1,3
BRDA:159,12,0,0
BRDA:159,12,1,0
BRDA:161,13,0,0
BRDA:161,13,1,0
BRDA:166,14,0,0
BRDA:166,14,1,0
BRF:30
BRH:17
end_of_record
TN:
SF:src/components/draggable-popover/useDraggablePopoverStyles.ts
FN:9,(anonymous_0)
FNF:1
FNH:1
FNDA:24,(anonymous_0)
DA:9,24
LF:1
LH:1
BRDA:14,0,0,3
BRDA:14,0,1,21
BRDA:22,1,0,24
BRDA:22,1,1,3
BRDA:26,2,0,24
BRDA:26,2,1,3
BRDA:26,2,2,0
BRDA:35,3,0,21
BRDA:35,3,1,3
BRF:9
BRH:8
end_of_record
TN:
SF:src/components/draggable-popover/usePipMouseActivity.ts
FN:16,(anonymous_0)
FN:28,(anonymous_1)
FN:39,(anonymous_2)
FN:67,(anonymous_3)
FN:74,(anonymous_4)
FN:81,(anonymous_5)
FN:83,(anonymous_6)
FN:87,(anonymous_7)
FN:91,(anonymous_8)
FN:97,(anonymous_9)
FN:102,(anonymous_10)
FNF:11
FNH:7
FNDA:117,(anonymous_0)
FNDA:284,(anonymous_1)
FNDA:47,(anonymous_2)
FNDA:4,(anonymous_3)
FNDA:0,(anonymous_4)
FNDA:24,(anonymous_5)
FNDA:4,(anonymous_6)
FNDA:0,(anonymous_7)
FNDA:0,(anonymous_8)
FNDA:47,(anonymous_9)
FNDA:0,(anonymous_10)
DA:14,1
DA:16,1
DA:17,117
DA:18,117
DA:27,117
DA:28,284
DA:39,117
DA:40,47
DA:41,44
DA:43,3
DA:44,0
DA:47,3
DA:48,3
DA:50,0
DA:51,0
DA:60,117
DA:67,117
DA:68,4
DA:69,4
DA:71,0
DA:74,117
DA:75,0
DA:76,0
DA:78,0
DA:81,117
DA:82,24
DA:83,21
DA:84,4
DA:87,3
DA:88,0
DA:89,0
DA:91,3
DA:92,0
DA:97,117
DA:98,47
DA:99,47
DA:101,0
DA:102,0
DA:105,117
LF:39
LH:27
BRDA:40,0,0,44
BRDA:40,0,1,3
BRDA:43,1,0,0
BRDA:43,1,1,3
BRDA:47,2,0,3
BRDA:47,2,1,0
BRDA:50,3,0,0
BRDA:50,3,1,0
BRDA:68,4,0,4
BRDA:68,4,1,0
BRDA:75,5,0,0
BRDA:75,5,1,0
BRDA:82,6,0,21
BRDA:82,6,1,3
BRDA:98,7,0,47
BRDA:98,7,1,0
BRDA:98,8,0,47
BRDA:98,8,1,24
BRDA:98,8,2,0
BRF:19
BRH:10
end_of_record
TN:
SF:src/components/frame/PlayerFrame.tsx
FN:3,(anonymous_0)
FN:28,PlayerFrame
FNF:2
FNH:2
FNDA:20,(anonymous_0)
FNDA:20,PlayerFrame
DA:3,20
DA:29,20
DA:30,20
LF:3
LH:3
BRF:0
BRH:0
end_of_record
TN:
SF:src/components/media-container/MediaContainer.tsx
FN:44,(anonymous_0)
FN:65,(anonymous_1)
FN:93,(anonymous_2)
FN:95,(anonymous_3)
FN:101,(anonymous_4)
FNF:5
FNH:4
FNDA:155,(anonymous_0)
FNDA:368,(anonymous_1)
FNDA:20,(anonymous_2)
FNDA:0,(anonymous_3)
FNDA:135,(anonymous_4)
DA:43,1
DA:55,155
DA:57,155
DA:64,155
DA:65,368
DA:77,155
DA:81,155
DA:82,155
DA:83,155
DA:84,155
DA:86,155
DA:93,155
DA:94,20
DA:95,0
DA:96,0
DA:101,155
DA:102,135
DA:124,155
DA:125,20
DA:128,135
LF:20
LH:18
BRDA:94,0,0,0
BRDA:94,0,1,20
BRDA:102,1,0,135
BRDA:102,1,1,0
BRDA:108,2,0,135
BRDA:108,2,1,135
BRDA:113,3,0,135
BRDA:113,3,1,9
BRDA:113,3,2,9
BRDA:124,4,0,20
BRDA:124,4,1,135
BRDA:124,5,0,155
BRDA:124,5,1,135
BRDA:130,6,0,135
BRDA:130,6,1,135
BRDA:131,7,0,135
BRDA:131,7,1,135
BRF:17
BRH:15
end_of_record
TN:
SF:src/components/media-container/UsePipHook.tsx
FN:14,(anonymous_0)
FN:27,(anonymous_1)
FN:48,(anonymous_2)
FN:62,(anonymous_3)
FN:69,(anonymous_4)
FN:101,(anonymous_5)
FNF:6
FNH:6
FNDA:99,(anonymous_0)
FNDA:266,(anonymous_1)
FNDA:25,(anonymous_2)
FNDA:20,(anonymous_3)
FNDA:47,(anonymous_4)
FNDA:3,(anonymous_5)
DA:11,1
DA:14,1
DA:26,99
DA:27,266
DA:42,99
DA:44,99
DA:46,99
DA:48,25
DA:53,99
DA:58,99
DA:62,99
DA:63,20
DA:64,0
DA:69,99
DA:71,47
DA:72,47
DA:74,0
DA:76,0
DA:77,0
DA:80,0
DA:81,0
DA:83,0
DA:84,0
DA:99,99
DA:102,3
DA:103,3
DA:104,3
DA:105,3
DA:111,99
LF:29
LH:21
BRDA:63,0,0,0
BRDA:63,0,1,20
BRDA:71,1,0,47
BRDA:71,1,1,0
BRDA:76,2,0,0
BRDA:76,2,1,0
BRDA:76,3,0,0
BRDA:76,3,1,0
BRDA:76,3,2,0
BRDA:80,4,0,0
BRDA:80,4,1,0
BRDA:80,5,0,0
BRDA:80,5,1,0
BRDA:83,6,0,0
BRDA:83,6,1,0
BRDA:83,7,0,0
BRDA:83,7,1,0
BRDA:103,8,0,3
BRDA:103,8,1,0
BRF:19
BRH:3
end_of_record
TN:
SF:src/components/media-container/useIsPlayerReadyHook.ts
FN:10,(anonymous_0)
FN:15,(anonymous_1)
FNF:2
FNH:2
FNDA:155,(anonymous_0)
FNDA:40,(anonymous_1)
DA:10,1
DA:13,155
DA:15,155
DA:17,40
DA:18,20
DA:20,20
DA:21,20
DA:22,0
DA:23,0
DA:27,155
LF:10
LH:8
BRDA:17,0,0,20
BRDA:17,0,1,20
BRDA:20,1,0,20
BRDA:20,1,1,0
BRDA:22,2,0,0
BRDA:22,2,1,0
BRF:6
BRH:3
end_of_record
TN:
SF:src/components/media-container/useMediaContainerStyles.ts
FN:4,(anonymous_0)
FN:41,(anonymous_1)
FNF:2
FNH:2
FNDA:20,(anonymous_0)
FNDA:20,(anonymous_1)
DA:3,1
DA:4,20
DA:40,1
DA:41,20
LF:4
LH:4
BRDA:12,0,0,3
BRDA:12,0,1,17
BRDA:13,1,0,3
BRDA:13,1,1,17
BRDA:22,2,0,3
BRDA:22,2,1,17
BRDA:43,3,0,3
BRDA:43,3,1,17
BRF:8
BRH:8
end_of_record
TN:
SF:src/components/media-container/useMouseActivityHook.ts
FN:17,(anonymous_0)
FN:31,(anonymous_1)
FN:44,(anonymous_2)
FN:75,(anonymous_3)
FN:79,(anonymous_4)
FN:83,(anonymous_5)
FN:84,(anonymous_6)
FN:88,(anonymous_7)
FN:94,(anonymous_8)
FN:99,(anonymous_9)
FN:105,(anonymous_10)
FNF:11
FNH:11
FNDA:155,(anonymous_0)
FNDA:368,(anonymous_1)
FNDA:119,(anonymous_2)
FNDA:31,(anonymous_3)
FNDA:4,(anonymous_4)
FNDA:20,(anonymous_5)
FNDA:23,(anonymous_6)
FNDA:31,(anonymous_7)
FNDA:91,(anonymous_8)
FNDA:28,(anonymous_9)
FNDA:22,(anonymous_10)
DA:15,1
DA:17,1
DA:18,155
DA:19,155
DA:30,155
DA:31,368
DA:44,155
DA:45,119
DA:46,1
DA:48,118
DA:49,118
DA:50,76
DA:52,42
DA:53,3
DA:55,39
DA:56,6
DA:58,33
DA:68,155
DA:75,155
DA:76,31
DA:79,155
DA:80,4
DA:83,155
DA:84,20
DA:85,23
DA:86,23
DA:88,20
DA:89,31
DA:94,155
DA:95,91
DA:96,63
DA:98,28
DA:99,28
DA:103,155
DA:106,22
DA:107,22
DA:113,155
LF:37
LH:37
BRDA:45,0,0,1
BRDA:45,0,1,118
BRDA:48,1,0,118
BRDA:48,1,1,38
BRDA:49,2,0,76
BRDA:49,2,1,42
BRDA:52,3,0,3
BRDA:52,3,1,39
BRDA:55,4,0,6
BRDA:55,4,1,33
BRDA:95,5,0,63
BRDA:95,5,1,28
BRDA:95,6,0,91
BRDA:95,6,1,31
BRF:14
BRH:14
end_of_record
TN:
SF:src/components/media-container/useReactPlayerProps.ts
FN:12,(anonymous_0)
FN:35,(anonymous_1)
FN:64,(anonymous_2)
FN:72,(anonymous_3)
FN:73,(anonymous_4)
FN:77,(anonymous_5)
FN:80,(anonymous_6)
FN:81,(anonymous_7)
FN:87,(anonymous_8)
FN:93,(anonymous_9)
FNF:10
FNH:6
FNDA:155,(anonymous_0)
FNDA:417,(anonymous_1)
FNDA:0,(anonymous_2)
FNDA:0,(anonymous_3)
FNDA:0,(anonymous_4)
FNDA:0,(anonymous_5)
FNDA:24,(anonymous_6)
FNDA:24,(anonymous_7)
FNDA:25,(anonymous_8)
FNDA:62,(anonymous_9)
DA:12,1
DA:13,155
DA:15,155
DA:17,155
DA:34,155
DA:35,417
DA:54,155
DA:56,155
DA:65,0
DA:66,0
DA:67,0
DA:68,0
DA:70,0
DA:72,0
DA:74,0
DA:75,0
DA:77,0
DA:80,155
DA:81,24
DA:85,155
DA:87,25
DA:93,155
DA:94,62
DA:95,40
DA:97,22
DA:100,155
LF:26
LH:17
BRDA:66,0,0,0
BRDA:66,0,1,0
BRDA:94,1,0,40
BRDA:94,1,1,22
BRF:4
BRH:2
end_of_record
TN:
SF:src/components/media-player/MediaPlayer.tsx
FN:43,(anonymous_0)
FNF:1
FNH:1
FNDA:20,(anonymous_0)
DA:42,1
DA:44,20
DA:45,20
DA:46,20
LF:4
LH:4
BRDA:43,0,0,20
BRDA:88,1,0,20
BRDA:88,1,1,20
BRF:3
BRH:3
end_of_record
TN:
SF:src/components/media-player/useMediaPlayerStyles.ts
FN:3,(anonymous_0)
FNF:1
FNH:1
FNDA:20,(anonymous_0)
DA:3,20
LF:1
LH:1
BRF:0
BRH:0
end_of_record
TN:
SF:src/components/media-player/components/AdditionalControls.tsx
FN:18,(anonymous_0)
FN:22,(anonymous_1)
FNF:2
FNH:2
FNDA:24,(anonymous_0)
FNDA:191,(anonymous_1)
DA:18,1
DA:21,24
DA:22,191
DA:25,24
DA:26,24
DA:29,24
DA:31,24
DA:32,3
DA:41,21
LF:9
LH:9
BRDA:31,0,0,3
BRDA:31,0,1,21
BRDA:31,1,0,24
BRDA:31,1,1,4
BRF:4
BRH:4
end_of_record
TN:
SF:src/components/media-poster/MediaPoster.tsx
FN:16,(anonymous_0)
FNF:1
FNH:1
FNDA:6,(anonymous_0)
DA:16,1
DA:24,6
DA:25,6
DA:26,6
LF:4
LH:4
BRF:0
BRH:0
end_of_record
TN:
SF:src/components/media-poster/useMediaPosterStyles.ts
FN:9,(anonymous_0)
FNF:1
FNH:1
FNDA:3,(anonymous_0)
DA:8,1
DA:9,3
LF:2
LH:2
BRDA:12,0,0,0
BRDA:12,0,1,3
BRDA:13,1,0,3
BRDA:13,1,1,0
BRDA:14,2,0,3
BRDA:14,2,1,0
BRF:6
BRH:3
end_of_record
TN:
SF:src/components/pip-controls/PipControls.tsx
FN:34,(anonymous_0)
FN:37,(anonymous_1)
FNF:2
FNH:2
FNDA:6,(anonymous_0)
FNDA:11,(anonymous_1)
DA:34,4
DA:37,11
DA:38,6
DA:39,6
DA:50,6
DA:52,6
DA:53,6
DA:56,0
LF:8
LH:7
BRDA:35,0,0,6
BRDA:52,1,0,6
BRDA:52,1,1,0
BRF:3
BRH:2
end_of_record
TN:
SF:src/components/pip-controls/usePipControlsHook.ts
FN:16,(anonymous_0)
FN:20,(anonymous_1)
FN:35,(anonymous_2)
FN:40,(anonymous_3)
FN:41,(anonymous_4)
FN:42,(anonymous_5)
FNF:6
FNH:3
FNDA:6,(anonymous_0)
FNDA:11,(anonymous_1)
FNDA:3,(anonymous_2)
FNDA:0,(anonymous_3)
FNDA:0,(anonymous_4)
FNDA:0,(anonymous_5)
DA:16,4
DA:19,6
DA:20,11
DA:28,6
DA:31,6
DA:33,6
DA:35,3
DA:39,6
DA:40,6
DA:41,6
DA:42,6
DA:43,0
DA:44,0
DA:47,6
LF:14
LH:12
BRF:0
BRH:0
end_of_record
TN:
SF:src/components/pip-controls/usePipControlsStyles.tsx
FN:3,(anonymous_0)
FNF:1
FNH:1
FNDA:3,(anonymous_0)
DA:3,4
LF:1
LH:1
BRF:0
BRH:0
end_of_record
TN:
SF:src/components/play-pause-animation/PauseAnimation.tsx
FN:24,(anonymous_0)
FN:31,(anonymous_1)
FN:36,(anonymous_2)
FN:48,(anonymous_3)
FNF:4
FNH:4
FNDA:46,(anonymous_0)
FNDA:210,(anonymous_1)
FNDA:3,(anonymous_2)
FNDA:26,(anonymous_3)
DA:24,1
DA:28,46
DA:29,46
DA:30,46
DA:31,210
DA:34,46
DA:37,3
DA:38,0
DA:40,3
DA:41,3
DA:48,46
DA:49,26
DA:50,3
DA:54,46
DA:55,6
DA:57,40
LF:16
LH:15
BRDA:25,0,0,46
BRDA:37,1,0,0
BRDA:37,1,1,3
BRDA:40,2,0,3
BRDA:40,2,1,0
BRDA:49,3,0,3
BRDA:49,3,1,23
BRDA:54,4,0,6
BRDA:54,4,1,40
BRF:9
BRH:7
end_of_record
TN:
SF:src/components/play-pause-animation/PlayAnimation.tsx
FN:23,(anonymous_0)
FN:30,(anonymous_1)
FN:36,(anonymous_2)
FN:48,(anonymous_3)
FNF:4
FNH:4
FNDA:45,(anonymous_0)
FNDA:209,(anonymous_1)
FNDA:20,(anonymous_2)
FNDA:24,(anonymous_3)
DA:23,1
DA:27,45
DA:28,45
DA:29,45
DA:30,209
DA:34,45
DA:37,20
DA:38,18
DA:40,2
DA:41,2
DA:48,45
DA:49,24
DA:50,2
DA:54,45
DA:55,6
DA:58,39
LF:16
LH:16
BRDA:24,0,0,45
BRDA:37,1,0,18
BRDA:37,1,1,2
BRDA:40,2,0,2
BRDA:40,2,1,0
BRDA:49,3,0,2
BRDA:49,3,1,22
BRDA:54,4,0,6
BRDA:54,4,1,39
BRF:9
BRH:8
end_of_record
TN:
SF:src/components/play-pause-animation/usePlayPauseAnimationStyles.ts
FN:3,(anonymous_0)
FNF:1
FNH:1
FNDA:40,(anonymous_0)
DA:3,40
LF:1
LH:1
BRF:0
BRH:0
end_of_record
TN:
SF:src/components/play-pause-animation/usePlayPauseHook.ts
FN:11,(anonymous_0)
FN:12,(anonymous_1)
FN:13,(anonymous_2)
FNF:3
FNH:3
FNDA:91,(anonymous_0)
FNDA:419,(anonymous_1)
FNDA:419,(anonymous_2)
DA:11,1
DA:12,419
DA:13,419
DA:15,91
DA:17,91
LF:5
LH:5
BRF:0
BRH:0
end_of_record
TN:
SF:src/components/player/Player.tsx
FN:21,(anonymous_0)
FNF:1
FNH:1
FNDA:99,(anonymous_0)
DA:20,1
DA:22,99
DA:24,99
LF:3
LH:3
BRDA:29,0,0,1
BRDA:29,0,1,98
BRF:2
BRH:2
end_of_record
TN:
SF:src/components/player/usePlayerHook.ts
FN:12,(anonymous_0)
FN:25,(anonymous_1)
FN:40,(anonymous_2)
FN:52,(anonymous_3)
FN:57,(anonymous_4)
FN:58,(anonymous_5)
FN:67,(anonymous_6)
FN:70,(anonymous_7)
FN:75,(anonymous_8)
FN:95,(anonymous_9)
FN:105,(anonymous_10)
FN:109,(anonymous_11)
FN:112,(anonymous_12)
FN:121,(anonymous_13)
FN:133,(anonymous_14)
FN:141,(anonymous_15)
FNF:16
FNH:11
FNDA:99,(anonymous_0)
FNDA:260,(anonymous_1)
FNDA:99,(anonymous_2)
FNDA:0,(anonymous_3)
FNDA:0,(anonymous_4)
FNDA:0,(anonymous_5)
FNDA:0,(anonymous_6)
FNDA:0,(anonymous_7)
FNDA:24,(anonymous_8)
FNDA:24,(anonymous_9)
FNDA:5,(anonymous_10)
FNDA:24,(anonymous_11)
FNDA:24,(anonymous_12)
FNDA:4,(anonymous_13)
FNDA:47,(anonymous_14)
FNDA:47,(anonymous_15)
DA:12,1
DA:13,99
DA:24,99
DA:25,260
DA:40,99
DA:41,99
DA:43,99
DA:44,99
DA:46,0
DA:47,0
DA:48,0
DA:52,99
DA:53,0
DA:54,0
DA:55,0
DA:57,0
DA:59,0
DA:60,0
DA:67,99
DA:68,0
DA:69,0
DA:70,0
DA:71,0
DA:75,99
DA:76,24
DA:81,0
DA:82,0
DA:83,0
DA:85,0
DA:86,0
DA:88,0
DA:90,24
DA:93,99
DA:95,99
DA:96,24
DA:97,0
DA:99,24
DA:100,24
DA:101,0
DA:105,24
DA:106,5
DA:107,5
DA:109,24
DA:112,99
DA:115,24
DA:116,24
DA:117,0
DA:121,99
DA:123,4
DA:124,0
DA:126,4
DA:127,3
DA:129,1
DA:133,99
DA:134,47
DA:135,47
DA:136,0
DA:140,47
DA:141,47
DA:142,47
DA:146,99
LF:61
LH:37
BRDA:43,0,0,99
BRDA:43,0,1,0
BRDA:47,1,0,0
BRDA:47,1,1,0
BRDA:76,2,0,0
BRDA:76,2,1,24
BRDA:77,3,0,24
BRDA:77,3,1,24
BRDA:77,3,2,24
BRDA:82,4,0,0
BRDA:82,4,1,0
BRDA:82,5,0,0
BRDA:82,5,1,0
BRDA:86,6,0,0
BRDA:86,6,1,0
BRDA:96,7,0,0
BRDA:96,7,1,24
BRDA:96,8,0,24
BRDA:96,8,1,24
BRDA:100,9,0,0
BRDA:100,9,1,24
BRDA:116,10,0,0
BRDA:116,10,1,24
BRDA:123,11,0,0
BRDA:123,11,1,4
BRDA:126,12,0,3
BRDA:126,12,1,1
BRDA:135,13,0,0
BRDA:135,13,1,47
BRF:29
BRH:14
end_of_record
TN:
SF:src/components/progress-bar/EventBasedProgressBar.tsx
FN:27,(anonymous_0)
FN:36,(anonymous_1)
FN:52,(anonymous_2)
FN:58,(anonymous_3)
FNF:4
FNH:0
FNDA:0,(anonymous_0)
FNDA:0,(anonymous_1)
FNDA:0,(anonymous_2)
FNDA:0,(anonymous_3)
DA:27,0
DA:34,0
DA:35,0
DA:36,0
DA:41,0
DA:42,0
DA:43,0
DA:46,0
DA:47,0
DA:50,0
DA:52,0
DA:56,0
DA:59,0
DA:62,0
DA:66,0
DA:71,0
LF:16
LH:0
BRDA:29,0,0,0
BRDA:30,1,0,0
BRDA:42,2,0,0
BRDA:42,2,1,0
BRDA:59,3,0,0
BRDA:59,3,1,0
BRDA:59,4,0,0
BRDA:59,4,1,0
BRF:8
BRH:0
end_of_record
TN:
SF:src/components/progress-bar/ProgressBar.tsx
FN:23,(anonymous_0)
FN:31,(anonymous_1)
FN:41,(anonymous_2)
FNF:3
FNH:2
FNDA:37,(anonymous_0)
FNDA:154,(anonymous_1)
FNDA:0,(anonymous_2)
DA:23,4
DA:28,37
DA:30,37
DA:31,154
DA:41,37
DA:46,0
DA:47,0
DA:48,0
DA:51,0
DA:52,0
DA:58,37
DA:60,37
DA:61,0
DA:64,37
LF:14
LH:8
BRDA:25,0,0,37
BRDA:47,1,0,0
BRDA:47,1,1,0
BRDA:60,2,0,0
BRDA:60,2,1,37
BRDA:60,3,0,37
BRDA:60,3,1,3
BRF:7
BRH:4
end_of_record
TN:
SF:src/components/progress-bar/useProgressBarStyles.ts
FN:6,(anonymous_0)
FNF:1
FNH:1
FNDA:28,(anonymous_0)
DA:3,4
DA:6,28
LF:2
LH:2
BRDA:8,0,0,28
BRDA:8,0,1,25
BRDA:12,1,0,28
BRDA:12,1,1,3
BRDA:16,2,0,3
BRDA:16,2,1,0
BRF:6
BRH:5
end_of_record
TN:
SF:src/components/progress-bar/components/EventRail.tsx
FN:13,(anonymous_0)
FN:20,(anonymous_1)
FNF:2
FNH:0
FNDA:0,(anonymous_0)
FNDA:0,(anonymous_1)
DA:11,0
DA:13,0
DA:15,0
DA:16,0
DA:18,0
DA:21,0
DA:26,0
LF:7
LH:0
BRF:0
BRH:0
end_of_record
TN:
SF:src/components/progress-bar/components/ProgressBarStyled.ts
FN:5,(anonymous_0)
FNF:1
FNH:1
FNDA:34,(anonymous_0)
DA:4,4
DA:5,34
LF:2
LH:2
BRF:0
BRH:0
end_of_record
TN:
SF:src/components/progress-bar/components/Rail.tsx
FN:14,(anonymous_0)
FN:18,(anonymous_1)
FN:21,(anonymous_2)
FN:25,(anonymous_3)
FNF:4
FNH:3
FNDA:34,(anonymous_0)
FNDA:151,(anonymous_1)
FNDA:151,(anonymous_2)
FNDA:0,(anonymous_3)
DA:12,4
DA:14,4
DA:15,34
DA:16,34
DA:17,34
DA:18,151
DA:21,151
DA:23,34
DA:26,0
DA:31,0
LF:10
LH:8
BRF:0
BRH:0
end_of_record
TN:
SF:src/components/progress-bar/components/RailStyled.ts
FN:21,(anonymous_0)
FN:37,(anonymous_1)
FN:39,(anonymous_2)
FNF:3
FNH:1
FNDA:0,(anonymous_0)
FNDA:4,(anonymous_1)
FNDA:0,(anonymous_2)
DA:13,4
DA:21,4
DA:24,0
DA:36,4
DA:37,4
DA:46,0
LF:6
LH:4
BRDA:41,0,0,0
BRDA:42,1,0,0
BRDA:52,2,0,0
BRDA:52,2,1,0
BRDA:57,3,0,0
BRDA:57,3,1,0
BRDA:64,4,0,0
BRDA:64,4,1,0
BRF:8
BRH:0
end_of_record
TN:
SF:src/components/progress-bar/components/useRailStyles.ts
FN:4,(anonymous_0)
FNF:1
FNH:1
FNDA:24,(anonymous_0)
DA:4,24
LF:1
LH:1
BRF:0
BRH:0
end_of_record
TN:
SF:src/context/EventRailsProvider.tsx
FN:17,(anonymous_0)
FNF:1
FNH:0
FNDA:0,(anonymous_0)
DA:17,4
DA:23,0
LF:2
LH:1
BRDA:18,0,0,0
BRF:1
BRH:0
end_of_record
TN:
SF:src/context/HighlightsProvider.tsx
FN:14,(anonymous_0)
FNF:1
FNH:1
FNDA:35,(anonymous_0)
DA:14,4
DA:18,35
LF:2
LH:2
BRDA:15,0,0,35
BRF:1
BRH:1
end_of_record
TN:
SF:src/context/MediaProvider.tsx
FN:24,(anonymous_0)
FN:25,(anonymous_1)
FN:26,(anonymous_2)
FN:26,(anonymous_3)
FN:27,(anonymous_4)
FN:27,(anonymous_5)
FN:50,(anonymous_6)
FN:66,(anonymous_7)
FN:71,(anonymous_8)
FN:112,(anonymous_9)
FNF:10
FNH:3
FNDA:0,(anonymous_0)
FNDA:0,(anonymous_1)
FNDA:0,(anonymous_2)
FNDA:0,(anonymous_3)
FNDA:0,(anonymous_4)
FNDA:0,(anonymous_5)
FNDA:35,(anonymous_6)
FNDA:46,(anonymous_7)
FNDA:0,(anonymous_8)
FNDA:3369,(anonymous_9)
DA:23,4
DA:24,0
DA:25,0
DA:26,0
DA:27,0
DA:50,4
DA:61,35
DA:62,35
DA:63,35
DA:64,35
DA:65,35
DA:66,35
DA:67,46
DA:68,46
DA:71,35
DA:72,0
DA:73,0
DA:77,35
DA:96,35
DA:112,4
DA:116,3369
DA:117,3369
DA:118,0
DA:121,3369
LF:24
LH:17
BRDA:56,0,0,34
BRDA:59,1,0,0
BRDA:67,2,0,46
BRDA:67,2,1,0
BRDA:72,3,0,0
BRDA:72,3,1,0
BRDA:114,4,0,2124
BRDA:117,5,0,0
BRDA:117,5,1,3369
BRF:9
BRH:4
end_of_record
TN:
SF:src/context/PIPControlsProvider.tsx
FN:14,(anonymous_0)
FNF:1
FNH:1
FNDA:20,(anonymous_0)
DA:14,4
DA:18,20
LF:2
LH:2
BRDA:15,0,0,20
BRF:1
BRH:1
end_of_record
TN:
SF:src/context/eventRails.ts
FN:16,(anonymous_0)
FNF:1
FNH:0
FNDA:0,(anonymous_0)
DA:14,4
DA:16,0
LF:2
LH:1
BRF:0
BRH:0
end_of_record
TN:
SF:src/context/highlights.ts
FNF:0
FNH:0
DA:11,4
LF:1
LH:1
BRF:0
BRH:0
end_of_record
TN:
SF:src/context/pipControls.ts
FNF:0
FNH:0
DA:9,4
LF:1
LH:1
BRF:0
BRH:0
end_of_record
TN:
SF:src/hooks/use-delayed-state.ts
FN:7,(anonymous_0)
FN:13,(anonymous_1)
FN:20,(anonymous_2)
FN:27,(anonymous_3)
FN:34,(anonymous_4)
FN:35,(anonymous_5)
FNF:6
FNH:6
FNDA:100,(anonymous_0)
FNDA:29,(anonymous_1)
FNDA:27,(anonymous_2)
FNDA:1,(anonymous_3)
FNDA:49,(anonymous_4)
FNDA:49,(anonymous_5)
DA:7,5
DA:10,100
DA:11,100
DA:13,100
DA:14,29
DA:15,1
DA:17,28
DA:18,0
DA:20,28
DA:21,27
DA:22,27
DA:27,100
DA:28,1
DA:29,1
DA:30,1
DA:34,100
DA:35,49
DA:36,49
DA:37,0
DA:41,100
LF:20
LH:18
BRDA:13,0,0,0
BRDA:14,1,0,1
BRDA:14,1,1,28
BRDA:14,2,0,29
BRDA:14,2,1,28
BRDA:17,3,0,0
BRDA:17,3,1,28
BRDA:28,4,0,1
BRDA:28,4,1,0
BRDA:36,5,0,0
BRDA:36,5,1,49
BRF:11
BRH:7
end_of_record
TN:
SF:src/hooks/use-event-rails-context.ts
FN:10,(anonymous_0)
FNF:1
FNH:0
FNDA:0,(anonymous_0)
DA:10,4
DA:11,0
DA:12,0
DA:13,0
DA:17,0
LF:5
LH:1
BRDA:12,0,0,0
BRDA:12,0,1,0
BRF:2
BRH:0
end_of_record
TN:
SF:src/hooks/use-highlights.ts
FN:10,(anonymous_0)
FNF:1
FNH:1
FNDA:34,(anonymous_0)
DA:10,4
DA:11,34
DA:12,34
DA:13,0
DA:15,34
LF:5
LH:4
BRDA:12,0,0,0
BRDA:12,0,1,34
BRF:2
BRH:1
end_of_record
TN:
SF:src/hooks/use-is-audio.ts
FN:8,(anonymous_0)
FN:9,(anonymous_1)
FNF:2
FNH:2
FNDA:589,(anonymous_0)
FNDA:2347,(anonymous_1)
DA:8,4
DA:9,2347
DA:10,589
LF:3
LH:3
BRF:0
BRH:0
end_of_record
TN:
SF:src/hooks/use-media-listener.ts
FN:15,(anonymous_0)
FN:22,(anonymous_1)
FN:25,(anonymous_2)
FN:31,(anonymous_3)
FN:34,(anonymous_4)
FNF:5
FNH:5
FNDA:699,(anonymous_0)
FNDA:649,(anonymous_1)
FNDA:649,(anonymous_2)
FNDA:168,(anonymous_3)
FNDA:649,(anonymous_4)
DA:15,5
DA:21,699
DA:22,699
DA:23,649
DA:25,699
DA:26,649
DA:27,649
DA:28,0
DA:31,649
DA:32,168
DA:33,649
DA:34,649
DA:35,649
LF:13
LH:12
BRDA:26,0,0,649
BRDA:26,0,1,649
BRDA:27,1,0,0
BRDA:27,1,1,649
BRF:4
BRH:3
end_of_record
TN:
SF:src/hooks/use-media-type.ts
FN:9,(anonymous_0)
FN:10,(anonymous_1)
FNF:2
FNH:0
FNDA:0,(anonymous_0)
FNDA:0,(anonymous_1)
DA:9,4
DA:10,0
DA:12,0
LF:3
LH:1
BRF:0
BRH:0
end_of_record
TN:
SF:src/hooks/use-on-hovered-element.ts
FN:22,(anonymous_0)
FN:28,(anonymous_1)
FN:32,(anonymous_2)
FN:35,(anonymous_3)
FN:44,(anonymous_4)
FN:49,(anonymous_5)
FN:63,(anonymous_6)
FN:65,(anonymous_7)
FN:76,(anonymous_8)
FN:78,(anonymous_9)
FNF:10
FNH:9
FNDA:249,(anonymous_0)
FNDA:23,(anonymous_1)
FNDA:0,(anonymous_2)
FNDA:212,(anonymous_3)
FNDA:212,(anonymous_4)
FNDA:16,(anonymous_5)
FNDA:243,(anonymous_6)
FNDA:1234,(anonymous_7)
FNDA:6,(anonymous_8)
FNDA:11,(anonymous_9)
DA:22,4
DA:26,249
DA:28,249
DA:29,23
DA:32,249
DA:33,0
DA:35,249
DA:36,212
DA:37,16
DA:41,249
DA:44,249
DA:45,212
DA:46,196
DA:48,16
DA:49,16
DA:52,249
DA:63,4
DA:64,243
DA:65,1234
DA:68,243
DA:76,4
DA:77,6
DA:78,11
DA:81,6
LF:24
LH:23
BRDA:36,0,0,16
BRDA:36,0,1,196
BRDA:45,1,0,196
BRDA:45,1,1,16
BRF:4
BRH:4
end_of_record
TN:
SF:src/hooks/use-one-ms-delayed-state.ts
FN:14,(anonymous_0)
FN:20,(anonymous_1)
FNF:2
FNH:2
FNDA:94,(anonymous_0)
FNDA:26,(anonymous_1)
DA:6,4
DA:14,4
DA:17,94
DA:19,94
DA:20,26
DA:24,94
LF:6
LH:6
BRF:0
BRH:0
end_of_record
TN:
SF:src/hooks/use-pip-controls-context.ts
FN:10,(anonymous_0)
FNF:1
FNH:1
FNDA:117,(anonymous_0)
DA:10,4
DA:11,117
DA:12,117
DA:13,0
DA:17,117
LF:5
LH:4
BRDA:12,0,0,0
BRDA:12,0,1,117
BRF:2
BRH:1
end_of_record
TN:
SF:src/hooks/use-play-pause-replay.ts
FN:18,(anonymous_0)
FN:20,(anonymous_1)
FN:21,(anonymous_2)
FN:22,(anonymous_3)
FN:23,(anonymous_4)
FN:24,(anonymous_5)
FN:29,(anonymous_6)
FN:40,(anonymous_7)
FNF:8
FNH:7
FNDA:94,(anonymous_0)
FNDA:384,(anonymous_1)
FNDA:384,(anonymous_2)
FNDA:384,(anonymous_3)
FNDA:384,(anonymous_4)
FNDA:384,(anonymous_5)
FNDA:0,(anonymous_6)
FNDA:26,(anonymous_7)
DA:18,4
DA:19,94
DA:20,384
DA:21,384
DA:22,384
DA:23,384
DA:24,384
DA:27,94
DA:30,0
DA:31,0
DA:33,0
DA:38,94
DA:41,26
DA:46,94
LF:14
LH:11
BRDA:30,0,0,0
BRDA:30,0,1,0
BRF:2
BRH:0
end_of_record
TN:
SF:src/hooks/use-player-context.ts
FN:16,(anonymous_0)
FN:20,(anonymous_1)
FNF:2
FNH:2
FNDA:2,(anonymous_0)
FNDA:1,(anonymous_1)
DA:16,5
DA:18,2
DA:19,2
DA:20,2
DA:21,1
DA:22,1
DA:23,1
DA:26,2
DA:27,2
LF:9
LH:9
BRDA:22,0,0,1
BRDA:22,0,1,0
BRF:2
BRH:1
end_of_record
TN:
SF:src/store/media-store.ts
FN:24,(anonymous_0)
FN:24,(anonymous_1)
FN:33,(anonymous_2)
FN:40,(anonymous_3)
FN:40,(anonymous_4)
FN:51,(anonymous_5)
FN:52,(anonymous_6)
FN:53,(anonymous_7)
FN:54,(anonymous_8)
FN:55,(anonymous_9)
FN:56,(anonymous_10)
FN:70,(anonymous_11)
FN:71,(anonymous_12)
FN:78,(anonymous_13)
FN:79,(anonymous_14)
FN:89,(anonymous_15)
FN:93,(anonymous_16)
FN:94,(anonymous_17)
FN:116,(anonymous_18)
FN:117,(anonymous_19)
FN:121,(anonymous_20)
FN:125,(anonymous_21)
FN:127,(anonymous_22)
FN:128,(anonymous_23)
FN:132,(anonymous_24)
FN:133,(anonymous_25)
FN:139,(anonymous_26)
FN:140,(anonymous_27)
FN:146,(anonymous_28)
FN:147,(anonymous_29)
FN:151,(anonymous_30)
FN:152,(anonymous_31)
FN:157,(anonymous_32)
FN:158,(anonymous_33)
FN:172,(anonymous_34)
FN:173,(anonymous_35)
FN:182,(anonymous_36)
FN:183,(anonymous_37)
FN:199,(anonymous_38)
FN:200,(anonymous_39)
FN:201,(anonymous_40)
FN:202,(anonymous_41)
FN:206,(anonymous_42)
FN:207,(anonymous_43)
FN:236,(anonymous_44)
FN:237,(anonymous_45)
FN:252,(anonymous_46)
FN:253,(anonymous_47)
FN:375,(anonymous_48)
FN:375,(anonymous_49)
FN:375,(anonymous_50)
FN:377,(anonymous_51)
FN:389,(anonymous_52)
FN:395,(anonymous_53)
FNF:54
FNH:44
FNDA:35,(anonymous_0)
FNDA:35,(anonymous_1)
FNDA:35,(anonymous_2)
FNDA:35,(anonymous_3)
FNDA:35,(anonymous_4)
FNDA:35,(anonymous_5)
FNDA:0,(anonymous_6)
FNDA:23,(anonymous_7)
FNDA:24,(anonymous_8)
FNDA:1,(anonymous_9)
FNDA:1,(anonymous_10)
FNDA:1,(anonymous_11)
FNDA:1,(anonymous_12)
FNDA:0,(anonymous_13)
FNDA:0,(anonymous_14)
FNDA:512,(anonymous_15)
FNDA:22,(anonymous_16)
FNDA:22,(anonymous_17)
FNDA:4,(anonymous_18)
FNDA:4,(anonymous_19)
FNDA:3,(anonymous_20)
FNDA:0,(anonymous_21)
FNDA:6,(anonymous_22)
FNDA:6,(anonymous_23)
FNDA:0,(anonymous_24)
FNDA:0,(anonymous_25)
FNDA:1,(anonymous_26)
FNDA:1,(anonymous_27)
FNDA:135,(anonymous_28)
FNDA:135,(anonymous_29)
FNDA:3,(anonymous_30)
FNDA:3,(anonymous_31)
FNDA:4,(anonymous_32)
FNDA:4,(anonymous_33)
FNDA:2,(anonymous_34)
FNDA:2,(anonymous_35)
FNDA:3,(anonymous_36)
FNDA:3,(anonymous_37)
FNDA:0,(anonymous_38)
FNDA:22,(anonymous_39)
FNDA:0,(anonymous_40)
FNDA:2,(anonymous_41)
FNDA:29,(anonymous_42)
FNDA:29,(anonymous_43)
FNDA:0,(anonymous_44)
FNDA:0,(anonymous_45)
FNDA:5,(anonymous_46)
FNDA:5,(anonymous_47)
FNDA:35,(anonymous_48)
FNDA:35,(anonymous_49)
FNDA:35,(anonymous_50)
FNDA:287,(anonymous_51)
FNDA:35,(anonymous_52)
FNDA:35,(anonymous_53)
DA:24,35
DA:33,35
DA:40,35
DA:51,35
DA:52,0
DA:53,23
DA:54,24
DA:56,1
DA:57,1
DA:58,1
DA:59,0
DA:61,1
DA:62,0
DA:64,1
DA:65,1
DA:66,0
DA:68,1
DA:71,1
DA:72,1
DA:73,1
DA:74,0
DA:76,1
DA:79,0
DA:80,0
DA:81,0
DA:82,0
DA:84,0
DA:87,0
DA:89,512
DA:94,22
DA:95,22
DA:96,22
DA:97,22
DA:98,20
DA:100,22
DA:105,0
DA:106,0
DA:114,22
DA:117,4
DA:118,4
DA:119,4
DA:120,4
DA:121,3
DA:123,4
DA:126,0
DA:128,6
DA:129,6
DA:130,6
DA:133,0
DA:134,0
DA:135,0
DA:140,1
DA:141,1
DA:142,1
DA:147,135
DA:148,135
DA:149,135
DA:152,3
DA:153,3
DA:154,3
DA:158,4
DA:159,4
DA:162,0
DA:164,4
DA:165,0
DA:167,4
DA:168,4
DA:173,2
DA:174,2
DA:177,0
DA:179,2
DA:180,2
DA:183,3
DA:184,3
DA:185,3
DA:186,3
DA:187,0
DA:190,3
DA:199,0
DA:200,22
DA:201,0
DA:203,2
DA:207,29
DA:208,29
DA:209,29
DA:210,29
DA:211,25
DA:212,25
DA:213,25
DA:214,25
DA:220,29
DA:227,29
DA:237,0
DA:241,0
DA:242,0
DA:247,0
DA:249,0
DA:253,5
DA:254,5
DA:258,5
DA:264,5
DA:266,5
DA:270,5
DA:273,5
DA:279,1
DA:283,1
DA:291,5
DA:292,5
DA:294,5
DA:296,5
DA:302,5
DA:304,5
DA:305,5
DA:307,5
DA:308,1
DA:316,5
DA:317,0
DA:321,0
DA:326,0
DA:335,5
DA:336,5
DA:340,5
DA:345,5
DA:346,0
DA:348,5
DA:350,5
DA:351,0
DA:354,5
DA:358,0
DA:361,5
DA:375,35
DA:376,35
DA:378,287
DA:379,287
DA:389,4
DA:394,35
DA:395,35
LF:137
LH:103
BRDA:58,0,0,0
BRDA:58,0,1,1
BRDA:61,1,0,0
BRDA:61,1,1,1
BRDA:65,2,0,0
BRDA:65,2,1,1
BRDA:65,3,0,1
BRDA:65,3,1,0
BRDA:73,4,0,0
BRDA:73,4,1,1
BRDA:80,5,0,0
BRDA:80,5,1,0
BRDA:81,6,0,0
BRDA:81,6,1,0
BRDA:97,7,0,20
BRDA:97,7,1,2
BRDA:100,8,0,0
BRDA:100,8,1,22
BRDA:101,9,0,22
BRDA:101,9,1,0
BRDA:101,9,2,0
BRDA:120,10,0,3
BRDA:120,10,1,1
BRDA:120,11,0,4
BRDA:120,11,1,3
BRDA:159,12,0,0
BRDA:159,12,1,4
BRDA:164,13,0,0
BRDA:164,13,1,4
BRDA:174,14,0,0
BRDA:174,14,1,2
BRDA:184,15,0,3
BRDA:184,15,1,3
BRDA:186,16,0,0
BRDA:186,16,1,3
BRDA:210,17,0,25
BRDA:210,17,1,4
BRDA:220,18,0,29
BRDA:220,18,1,0
BRDA:242,19,0,0
BRDA:242,19,1,0
BRDA:243,20,0,0
BRDA:243,20,1,0
BRDA:243,20,2,0
BRDA:264,21,0,5
BRDA:264,21,1,0
BRDA:264,22,0,5
BRDA:264,22,1,5
BRDA:270,23,0,5
BRDA:270,23,1,2
BRDA:273,24,0,1
BRDA:273,24,1,4
BRDA:274,25,0,5
BRDA:274,25,1,0
BRDA:274,25,2,5
BRDA:284,26,0,1
BRDA:284,26,1,0
BRDA:285,27,0,1
BRDA:285,27,1,0
BRDA:296,28,0,5
BRDA:296,28,1,1
BRDA:296,28,2,1
BRDA:304,29,0,5
BRDA:304,29,1,0
BRDA:305,30,0,5
BRDA:305,30,1,4
BRDA:307,31,0,1
BRDA:307,31,1,4
BRDA:316,32,0,0
BRDA:316,32,1,5
BRDA:316,33,0,5
BRDA:316,33,1,0
BRDA:335,34,0,5
BRDA:335,34,1,0
BRDA:345,35,0,0
BRDA:345,35,1,5
BRDA:350,36,0,0
BRDA:350,36,1,5
BRDA:354,37,0,0
BRDA:354,37,1,5
BRDA:355,38,0,5
BRDA:355,38,1,0
BRF:82
BRH:48
end_of_record
TN:
SF:src/utils/MultiplySymbol.tsx
FN:1,(anonymous_0)
FNF:1
FNH:1
FNDA:28,(anonymous_0)
DA:1,28
LF:1
LH:1
BRF:0
BRH:0
end_of_record
TN:
SF:src/utils/array.ts
FN:2,findNextConsecutiveIndex
FN:13,(anonymous_1)
FN:29,(anonymous_2)
FNF:3
FNH:3
FNDA:6,findNextConsecutiveIndex
FNDA:10,(anonymous_1)
FNDA:4,(anonymous_2)
DA:7,6
DA:8,1
DA:10,5
DA:12,5
DA:13,10
DA:16,2
DA:18,2
DA:19,2
DA:20,2
DA:22,2
DA:28,2
DA:29,2
DA:30,4
DA:31,1
DA:35,4
DA:36,2
DA:39,2
DA:43,1
DA:47,2
DA:48,1
DA:50,1
DA:52,1
DA:53,2
DA:54,2
DA:55,1
DA:58,0
LF:26
LH:25
BRDA:5,0,0,3
BRDA:7,1,0,1
BRDA:7,1,1,5
BRDA:12,2,0,3
BRDA:12,2,1,2
BRDA:30,3,0,1
BRDA:30,3,1,3
BRDA:30,4,0,4
BRDA:30,4,1,4
BRDA:35,5,0,2
BRDA:35,5,1,2
BRDA:39,6,0,1
BRDA:39,6,1,1
BRDA:40,7,0,2
BRDA:40,7,1,2
BRDA:47,8,0,1
BRDA:47,8,1,1
BRDA:54,9,0,1
BRDA:54,9,1,1
BRF:19
BRH:19
end_of_record
TN:
SF:src/utils/colors.ts
FN:5,hexToRGB
FN:28,toHex
FN:32,rgbaToHexA
FN:37,rgbToRgba
FN:75,(anonymous_4)
FN:83,(anonymous_5)
FN:92,(anonymous_6)
FNF:7
FNH:7
FNDA:17,hexToRGB
FNDA:28,toHex
FNDA:7,rgbaToHexA
FNDA:14,rgbToRgba
FNDA:8,(anonymous_4)
FNDA:14,(anonymous_5)
FNDA:7,(anonymous_6)
DA:11,17
DA:12,1
DA:13,1
DA:14,1
DA:17,16
DA:18,15
DA:19,15
DA:20,15
DA:22,1
DA:25,16
DA:29,28
DA:33,7
DA:34,7
DA:38,14
DA:39,14
DA:45,5
DA:46,5
DA:75,5
DA:79,8
DA:80,1
DA:83,7
DA:86,14
DA:89,14
DA:92,7
DA:93,7
DA:96,7
LF:26
LH:26
BRDA:11,0,0,1
BRDA:11,0,1,16
BRDA:17,1,0,15
BRDA:17,1,1,1
BRDA:37,2,0,0
BRDA:77,3,0,3
BRDA:77,4,0,6
BRDA:79,5,0,1
BRDA:79,5,1,7
BRDA:86,6,0,5
BRDA:86,6,1,9
BRDA:86,7,0,14
BRDA:86,7,1,12
BRF:13
BRH:12
end_of_record
TN:
SF:src/utils/constants.ts
FN:9,(anonymous_0)
FN:106,(anonymous_1)
FNF:2
FNH:0
FNDA:0,(anonymous_0)
FNDA:0,(anonymous_1)
DA:9,5
DA:12,5
DA:14,5
DA:16,5
DA:17,5
DA:18,5
DA:19,5
DA:25,5
DA:28,5
DA:31,5
DA:35,5
DA:37,5
DA:39,5
DA:41,5
DA:43,5
DA:45,5
DA:47,5
DA:49,5
DA:51,5
DA:53,5
DA:55,5
DA:57,5
DA:59,5
DA:61,5
DA:63,5
DA:65,5
DA:86,5
DA:106,0
DA:114,5
DA:133,5
LF:30
LH:29
BRF:0
BRH:0
end_of_record
TN:
SF:src/utils/highlights.ts
FN:4,(anonymous_0)
FNF:1
FNH:1
FNDA:4,(anonymous_0)
DA:4,5
DA:9,4
DA:10,2
DA:12,2
LF:4
LH:4
BRDA:7,0,0,3
BRDA:9,1,0,2
BRDA:9,1,1,2
BRF:3
BRH:3
end_of_record
TN:
SF:src/utils/is-url-supported.ts
FN:7,(anonymous_0)
FN:8,(anonymous_1)
FN:10,(anonymous_2)
FNF:3
FNH:3
FNDA:55,(anonymous_0)
FNDA:29,(anonymous_1)
FNDA:28,(anonymous_2)
DA:3,6
DA:5,6
DA:7,55
DA:8,29
DA:10,28
LF:5
LH:5
BRDA:10,0,0,28
BRDA:10,0,1,23
BRF:2
BRH:2
end_of_record
TN:
SF:src/utils/media-utils.ts
FN:6,(anonymous_0)
FN:12,(anonymous_1)
FN:25,(anonymous_2)
FNF:3
FNH:2
FNDA:56,(anonymous_0)
FNDA:56,(anonymous_1)
FNDA:0,(anonymous_2)
DA:6,4
DA:7,56
DA:12,4
DA:13,56
DA:15,56
DA:16,49
DA:18,7
DA:25,4
DA:26,0
LF:9
LH:8
BRDA:15,0,0,49
BRDA:15,0,1,7
BRF:2
BRH:2
end_of_record
TN:
SF:src/utils/number.ts
FN:2,(anonymous_0)
FNF:1
FNH:1
FNDA:45,(anonymous_0)
DA:2,45
LF:1
LH:1
BRF:0
BRH:0
end_of_record
TN:
SF:src/utils/sleep.ts
FN:1,(anonymous_0)
FN:2,(anonymous_1)
FNF:2
FNH:2
FNDA:27,(anonymous_0)
FNDA:27,(anonymous_1)
DA:1,5
DA:2,27
LF:2
LH:2
BRF:0
BRH:0
end_of_record
TN:
SF:src/utils/testing-render.tsx
FN:22,(anonymous_0)
FN:40,setupMediaProvider
FN:45,NullComponent
FN:50,TestComponent
FNF:4
FNH:3
FNDA:0,(anonymous_0)
FNDA:15,setupMediaProvider
FNDA:50,NullComponent
FNDA:15,TestComponent
DA:20,4
DA:22,4
DA:26,0
DA:44,15
DA:46,50
DA:47,50
DA:48,50
DA:51,15
DA:67,15
LF:9
LH:8
BRF:0
BRH:0
end_of_record
TN:
SF:src/utils/time.ts
FN:6,padTime
FN:13,(anonymous_1)
FNF:2
FNH:2
FNDA:76,padTime
FNDA:68,(anonymous_1)
DA:7,76
DA:13,5
DA:14,68
DA:16,68
DA:17,68
DA:18,68
DA:19,68
DA:21,68
DA:22,4
DA:23,2
DA:25,2
DA:28,64
LF:12
LH:12
BRDA:13,0,0,64
BRDA:21,1,0,4
BRDA:21,1,1,64
BRDA:22,2,0,2
BRDA:22,2,1,2
BRDA:28,3,0,62
BRDA:28,3,1,2
BRF:7
BRH:7
end_of_record
