TN:
SF:src/components/animated-icon-wrapper/AnimatedIconWrapper.tsx
FN:20,(anonymous_0)
FN:34,(anonymous_1)
FNF:2
FNH:2
FNDA:81,(anonymous_0)
FNDA:93,(anonymous_1)
DA:20,1
DA:30,81
DA:32,81
DA:35,93
LF:4
LH:4
BRF:0
BRH:0
end_of_record
TN:
SF:src/components/animated-icon-wrapper/useAnimatedIconWrapperStyles.ts
FN:33,(anonymous_0)
FNF:1
FNH:1
FNDA:93,(anonymous_0)
DA:4,1
DA:14,1
DA:33,93
LF:3
LH:3
BRF:0
BRH:0
end_of_record
TN:
SF:src/components/big-centered-button/BigCenteredButton.tsx
FN:18,(anonymous_0)
FNF:1
FNH:1
FNDA:18,(anonymous_0)
DA:18,1
DA:27,18
DA:29,18
LF:3
LH:3
BRF:0
BRH:0
end_of_record
TN:
SF:src/components/big-centered-button/useBigCenteredButtonStyles.ts
FN:3,(anonymous_0)
FNF:1
FNH:1
FNDA:18,(anonymous_0)
DA:3,18
LF:1
LH:1
BRF:0
BRH:0
end_of_record
TN:
SF:src/components/bottom-control-buttons/BottomControlButtons.tsx
FN:22,(anonymous_0)
FNF:1
FNH:1
FNDA:40,(anonymous_0)
DA:21,1
DA:27,40
DA:28,40
DA:30,40
DA:32,40
DA:33,18
DA:36,22
LF:7
LH:7
BRDA:25,0,0,40
BRDA:32,1,0,18
BRDA:32,1,1,22
BRDA:32,2,0,40
BRDA:32,2,1,39
BRDA:32,2,2,22
BRF:6
BRH:6
end_of_record
TN:
SF:src/components/bottom-control-buttons/useBottomControlButtonsHook.ts
FN:8,(anonymous_0)
FN:9,(anonymous_1)
FN:10,(anonymous_2)
FNF:3
FNH:3
FNDA:40,(anonymous_0)
FNDA:208,(anonymous_1)
FNDA:208,(anonymous_2)
DA:8,1
DA:9,208
DA:10,208
DA:12,40
LF:4
LH:4
BRF:0
BRH:0
end_of_record
TN:
SF:src/components/bottom-control-buttons/useBottomControlButtonsStyles.ts
FN:3,(anonymous_0)
FNF:1
FNH:1
FNDA:21,(anonymous_0)
DA:3,21
LF:1
LH:1
BRF:0
BRH:0
end_of_record
TN:
SF:src/components/bottom-control-buttons/components/FullscreenButton.tsx
FN:23,(anonymous_0)
FN:33,(anonymous_1)
FNF:2
FNH:2
FNDA:22,(anonymous_0)
FNDA:128,(anonymous_1)
DA:23,5
DA:32,22
DA:33,128
DA:41,22
DA:42,22
DA:44,22
DA:46,22
DA:47,3
DA:49,19
LF:9
LH:9
BRDA:24,0,0,22
BRDA:29,1,0,22
BRDA:44,2,0,2
BRDA:44,2,1,20
BRDA:46,3,0,3
BRDA:46,3,1,19
BRDA:58,4,0,17
BRDA:58,4,1,2
BRF:8
BRH:8
end_of_record
TN:
SF:src/components/bottom-control-buttons/components/FwdButton.tsx
FN:20,(anonymous_0)
FN:27,(anonymous_1)
FN:29,(anonymous_2)
FN:30,(anonymous_3)
FN:34,(anonymous_4)
FNF:5
FNH:5
FNDA:26,(anonymous_0)
FNDA:153,(anonymous_1)
FNDA:153,(anonymous_2)
FNDA:1,(anonymous_3)
FNDA:25,(anonymous_4)
DA:20,5
DA:26,26
DA:27,153
DA:28,26
DA:29,153
DA:30,26
DA:32,26
DA:34,25
DA:38,26
LF:9
LH:9
BRDA:21,0,0,26
BRDA:22,1,0,26
BRF:2
BRH:2
end_of_record
TN:
SF:src/components/bottom-control-buttons/components/PictureInPictureButton.tsx
FN:20,(anonymous_0)
FN:28,(anonymous_1)
FN:37,(anonymous_2)
FNF:3
FNH:3
FNDA:40,(anonymous_0)
FNDA:173,(anonymous_1)
FNDA:6,(anonymous_2)
DA:20,5
DA:26,40
DA:27,40
DA:28,173
DA:37,40
DA:38,6
DA:39,2
DA:40,2
DA:42,4
DA:45,40
LF:10
LH:10
BRDA:21,0,0,40
BRDA:23,1,0,40
BRDA:38,2,0,2
BRDA:38,2,1,4
BRF:4
BRH:4
end_of_record
TN:
SF:src/components/bottom-control-buttons/components/PlayPauseReplay.tsx
FN:27,(anonymous_0)
FN:41,(anonymous_1)
FNF:2
FNH:2
FNDA:48,(anonymous_0)
FNDA:8,(anonymous_1)
DA:27,5
DA:36,48
DA:37,48
DA:39,48
DA:41,48
DA:42,8
DA:43,0
DA:46,8
DA:47,3
DA:49,5
DA:52,48
LF:11
LH:10
BRDA:30,0,0,48
BRDA:31,1,0,14
BRDA:33,2,0,48
BRDA:42,3,0,0
BRDA:42,3,1,8
BRDA:46,4,0,3
BRDA:46,4,1,5
BRDA:62,5,0,48
BRDA:62,5,1,0
BRDA:69,6,0,48
BRDA:69,6,1,26
BRDA:76,7,0,48
BRDA:76,7,1,48
BRDA:76,7,2,22
BRF:14
BRH:12
end_of_record
TN:
SF:src/components/bottom-control-buttons/components/PlaybackRateButton.tsx
FN:18,(anonymous_0)
FN:25,(anonymous_1)
FNF:2
FNH:2
FNDA:29,(anonymous_0)
FNDA:155,(anonymous_1)
DA:18,5
DA:24,29
DA:25,155
DA:28,29
DA:29,29
DA:35,29
DA:36,29
DA:38,29
LF:8
LH:8
BRDA:20,0,0,29
BRDA:21,1,0,29
BRF:2
BRH:2
end_of_record
TN:
SF:src/components/bottom-control-buttons/components/RwdButton.tsx
FN:20,(anonymous_0)
FN:28,(anonymous_1)
FN:30,(anonymous_2)
FN:32,(anonymous_3)
FN:36,(anonymous_4)
FNF:5
FNH:5
FNDA:26,(anonymous_0)
FNDA:153,(anonymous_1)
FNDA:153,(anonymous_2)
FNDA:2,(anonymous_3)
FNDA:25,(anonymous_4)
DA:20,5
DA:26,26
DA:28,153
DA:29,26
DA:30,153
DA:32,26
DA:34,26
DA:36,25
DA:40,26
LF:9
LH:9
BRDA:21,0,0,26
BRDA:22,1,0,26
BRF:2
BRH:2
end_of_record
TN:
SF:src/components/bottom-control-buttons/components/TimeDisplay.tsx
FN:17,(anonymous_0)
FN:22,(anonymous_1)
FN:23,(anonymous_2)
FNF:3
FNH:3
FNDA:30,(anonymous_0)
FNDA:156,(anonymous_1)
FNDA:156,(anonymous_2)
DA:11,5
DA:17,5
DA:22,156
DA:23,156
DA:28,30
DA:30,30
LF:6
LH:6
BRDA:18,0,0,30
BRF:1
BRH:1
end_of_record
TN:
SF:src/components/bottom-control-buttons/components/VolumeBarStyled.ts
FN:5,(anonymous_0)
FNF:1
FNH:1
FNDA:25,(anonymous_0)
DA:4,5
DA:5,25
LF:2
LH:2
BRF:0
BRH:0
end_of_record
TN:
SF:src/components/bottom-control-buttons/components/VolumeButton.tsx
FN:21,(anonymous_0)
FN:29,(anonymous_1)
FN:38,(anonymous_2)
FNF:3
FNH:3
FNDA:27,(anonymous_0)
FNDA:154,(anonymous_1)
FNDA:1,(anonymous_2)
DA:21,5
DA:27,27
DA:28,27
DA:29,154
DA:38,27
DA:39,1
DA:42,27
LF:7
LH:7
BRDA:22,0,0,27
BRDA:24,1,0,27
BRDA:39,2,0,0
BRDA:39,2,1,1
BRDA:51,3,0,1
BRDA:51,3,1,26
BRF:6
BRH:5
end_of_record
TN:
SF:src/components/bottom-control-buttons/components/VolumeIcon.tsx
FN:23,(anonymous_0)
FNF:1
FNH:1
FNDA:27,(anonymous_0)
DA:23,5
DA:29,27
DA:30,1
DA:32,26
DA:33,26
DA:35,0
LF:6
LH:5
BRDA:25,0,0,27
BRDA:26,1,0,27
BRDA:29,2,0,1
BRDA:29,2,1,26
BRDA:32,3,0,26
BRDA:32,3,1,0
BRF:6
BRH:5
end_of_record
TN:
SF:src/components/bottom-control-buttons/components/VolumeSlider.tsx
FN:19,(anonymous_0)
FN:25,(anonymous_1)
FN:29,(anonymous_2)
FNF:3
FNH:2
FNDA:25,(anonymous_0)
FNDA:151,(anonymous_1)
FNDA:0,(anonymous_2)
DA:19,5
DA:23,25
DA:24,25
DA:25,151
DA:29,25
DA:34,0
DA:35,0
DA:36,0
DA:38,0
DA:41,25
LF:10
LH:6
BRDA:20,0,0,25
BRDA:35,1,0,0
BRDA:35,1,1,0
BRF:3
BRH:1
end_of_record
TN:
SF:src/components/bottom-control-buttons/hooks/usePlaybackRateButtonHook.ts
FN:10,(anonymous_0)
FN:15,(anonymous_1)
FN:18,(anonymous_2)
FNF:3
FNH:3
FNDA:37,(anonymous_0)
FNDA:6,(anonymous_1)
FNDA:8,(anonymous_2)
DA:10,5
DA:15,37
DA:17,6
DA:18,8
DA:20,6
DA:21,0
DA:26,6
DA:27,6
DA:30,37
LF:9
LH:8
BRDA:20,0,0,0
BRDA:20,0,1,6
BRDA:26,1,0,4
BRDA:26,1,1,2
BRF:4
BRH:3
end_of_record
TN:
SF:src/components/bottom-control-buttons/hooks/usePlaybackRateStyles.ts
FN:3,(anonymous_0)
FNF:1
FNH:1
FNDA:25,(anonymous_0)
DA:3,25
LF:1
LH:1
BRF:0
BRH:0
end_of_record
TN:
SF:src/components/bottom-control-buttons/hooks/useTimeDisplayStyles.ts
FN:3,(anonymous_0)
FNF:1
FNH:1
FNDA:25,(anonymous_0)
DA:3,25
LF:1
LH:1
BRF:0
BRH:0
end_of_record
TN:
SF:src/components/bottom-controls/BottomControls.tsx
FN:14,(anonymous_0)
FNF:1
FNH:1
FNDA:21,(anonymous_0)
DA:14,1
DA:21,21
DA:22,21
LF:3
LH:3
BRF:0
BRH:0
end_of_record
TN:
SF:src/components/bottom-controls/useBottomControlsHook.ts
FN:7,(anonymous_0)
FN:8,(anonymous_1)
FNF:2
FNH:0
FNDA:0,(anonymous_0)
FNDA:0,(anonymous_1)
DA:7,0
DA:8,0
DA:9,0
LF:3
LH:0
BRF:0
BRH:0
end_of_record
TN:
SF:src/components/bottom-controls/useBottomControlsStyles.ts
FN:3,(anonymous_0)
FNF:1
FNH:1
FNDA:42,(anonymous_0)
DA:3,42
LF:1
LH:1
BRF:0
BRH:0
end_of_record
TN:
SF:src/components/centered-bottom-playback/CenteredBottomPlayback.tsx
FN:26,(anonymous_0)
FN:32,(anonymous_1)
FN:58,(anonymous_2)
FN:62,(anonymous_3)
FN:63,(anonymous_4)
FN:64,(anonymous_5)
FN:66,(anonymous_6)
FN:85,(anonymous_7)
FNF:8
FNH:8
FNDA:105,(anonymous_0)
FNDA:3,(anonymous_1)
FNDA:42,(anonymous_2)
FNDA:215,(anonymous_3)
FNDA:215,(anonymous_4)
FNDA:215,(anonymous_5)
FNDA:3,(anonymous_6)
FNDA:105,(anonymous_7)
DA:26,2
DA:32,105
DA:33,3
DA:36,105
DA:38,105
DA:58,2
DA:61,42
DA:62,215
DA:63,215
DA:64,215
DA:66,42
DA:67,3
DA:73,42
DA:75,42
DA:76,21
DA:79,21
DA:86,105
LF:17
LH:17
BRDA:75,0,0,21
BRDA:75,0,1,21
BRDA:75,1,0,42
BRDA:75,1,1,24
BRF:4
BRH:4
end_of_record
TN:
SF:src/components/centered-bottom-playback/useCenteredBottomPlaybackStyles.ts
FN:3,(anonymous_0)
FNF:1
FNH:1
FNDA:22,(anonymous_0)
DA:3,22
LF:1
LH:1
BRF:0
BRH:0
end_of_record
TN:
SF:src/components/centered-bottom-playback/components/PlaybackRateButtonStyled.ts
FN:9,(anonymous_0)
FN:10,(anonymous_1)
FNF:2
FNH:2
FNDA:842,(anonymous_0)
FNDA:105,(anonymous_1)
DA:8,2
DA:9,842
DA:10,105
LF:3
LH:3
BRDA:16,0,0,105
BRDA:16,0,1,21
BRF:2
BRH:2
end_of_record
TN:
SF:src/components/centered-play-button/CenteredPlayButton.tsx
FN:20,(anonymous_0)
FN:25,(anonymous_1)
FN:26,(anonymous_2)
FNF:3
FNH:3
FNDA:39,(anonymous_0)
FNDA:210,(anonymous_1)
FNDA:210,(anonymous_2)
DA:20,1
DA:24,39
DA:25,210
DA:26,210
DA:28,39
DA:29,21
DA:32,18
LF:7
LH:7
BRDA:28,0,0,21
BRDA:28,0,1,18
BRDA:28,1,0,39
BRDA:28,1,1,21
BRF:4
BRH:4
end_of_record
TN:
SF:src/components/centered-replay-button/CenteredReplayButton.tsx
FN:18,(anonymous_0)
FNF:1
FNH:1
FNDA:47,(anonymous_0)
DA:18,1
DA:22,47
DA:23,47
DA:24,47
DA:25,47
DA:28,0
LF:6
LH:5
BRDA:24,0,0,47
BRDA:24,0,1,0
BRDA:24,1,0,47
BRDA:24,1,1,0
BRF:4
BRH:2
end_of_record
TN:
SF:src/components/controls/Controls.tsx
FN:19,(anonymous_0)
FN:24,(anonymous_1)
FN:25,(anonymous_2)
FNF:3
FNH:3
FNDA:25,(anonymous_0)
FNDA:196,(anonymous_1)
FNDA:196,(anonymous_2)
DA:19,1
DA:24,196
DA:25,196
DA:28,25
DA:29,25
DA:32,25
DA:33,3
DA:36,22
LF:8
LH:8
BRDA:22,0,0,25
BRDA:32,1,0,3
BRDA:32,1,1,22
BRDA:32,2,0,25
BRDA:32,2,1,4
BRF:5
BRH:5
end_of_record
TN:
SF:src/components/controls/useControlsStyles.ts
FNF:0
FNH:0
DA:3,1
LF:1
LH:1
BRF:0
BRH:0
end_of_record
TN:
SF:src/components/core-player/CorePlayer.tsx
FN:66,(anonymous_0)
FNF:1
FNH:1
FNDA:21,(anonymous_0)
DA:65,1
DA:86,21
DA:87,21
DA:88,21
DA:89,21
DA:90,21
DA:92,21
LF:7
LH:7
BRDA:82,0,0,21
BRDA:83,1,0,21
BRDA:84,2,0,0
BRDA:88,3,0,21
BRDA:88,3,1,21
BRF:5
BRH:4
end_of_record
TN:
SF:src/components/core-player/types.ts
FNF:0
FNH:0
DA:17,6
LF:1
LH:1
BRF:0
BRH:0
end_of_record
TN:
SF:src/components/core-player/components/ExternalStateUpdater.tsx
FN:18,(anonymous_0)
FN:26,(anonymous_1)
FN:36,(anonymous_2)
FN:42,(anonymous_3)
FNF:4
FNH:4
FNDA:23,(anonymous_0)
FNDA:287,(anonymous_1)
FNDA:23,(anonymous_2)
FNDA:23,(anonymous_3)
DA:18,2
DA:25,23
DA:26,287
DA:36,23
DA:37,23
DA:38,0
DA:42,23
DA:43,23
DA:44,23
DA:45,23
DA:55,23
LF:11
LH:10
BRDA:37,0,0,0
BRDA:37,0,1,23
BRF:2
BRH:1
end_of_record
TN:
SF:src/components/core-player/hooks/media-type.ts
FN:9,getMediaType
FNF:1
FNH:1
FNDA:27,getMediaType
DA:13,27
DA:14,1
DA:17,26
DA:18,3
DA:19,1
DA:20,2
DA:21,1
DA:23,1
DA:27,23
DA:28,22
DA:29,3
DA:31,19
DA:34,1
LF:13
LH:13
BRDA:13,0,0,1
BRDA:13,0,1,26
BRDA:17,1,0,3
BRDA:17,1,1,23
BRDA:18,2,0,1
BRDA:18,2,1,2
BRDA:20,3,0,1
BRDA:20,3,1,1
BRDA:27,4,0,22
BRDA:27,4,1,1
BRDA:28,5,0,3
BRDA:28,5,1,19
BRF:12
BRH:12
end_of_record
TN:
SF:src/components/core-player/hooks/useCorePlayerHook.ts
FN:15,(anonymous_0)
FN:20,(anonymous_1)
FNF:2
FNH:2
FNDA:21,(anonymous_0)
FNDA:21,(anonymous_1)
DA:15,1
DA:19,21
DA:20,21
DA:23,21
LF:4
LH:4
BRF:0
BRH:0
end_of_record
TN:
SF:src/components/draggable-popover/DraggablePopover.tsx
FN:48,(anonymous_0)
FN:63,(anonymous_1)
FN:94,(anonymous_2)
FNF:3
FNH:3
FNDA:122,(anonymous_0)
FNDA:293,(anonymous_1)
FNDA:206,(anonymous_2)
DA:24,1
DA:47,1
DA:59,122
DA:61,122
DA:62,122
DA:63,293
DA:71,122
DA:79,122
DA:84,122
DA:89,122
DA:95,206
LF:11
LH:11
BRDA:53,0,0,122
BRDA:54,1,0,122
BRDA:55,2,0,122
BRDA:95,3,0,206
BRDA:95,3,1,103
BRDA:95,3,2,103
BRDA:126,4,0,122
BRDA:126,4,1,6
BRDA:128,5,0,6
BRDA:128,5,1,0
BRF:10
BRH:9
end_of_record
TN:
SF:src/components/draggable-popover/useDraggablePopoverHook.ts
FN:47,(anonymous_0)
FN:83,(anonymous_1)
FN:85,(anonymous_2)
FN:88,(anonymous_3)
FN:96,(anonymous_4)
FN:105,(anonymous_5)
FN:106,(anonymous_6)
FN:114,(anonymous_7)
FN:118,(anonymous_8)
FN:136,(anonymous_9)
FN:150,(anonymous_10)
FN:162,(anonymous_11)
FNF:12
FNH:6
FNDA:122,(anonymous_0)
FNDA:0,(anonymous_1)
FNDA:0,(anonymous_2)
FNDA:0,(anonymous_3)
FNDA:0,(anonymous_4)
FNDA:25,(anonymous_5)
FNDA:0,(anonymous_6)
FNDA:25,(anonymous_7)
FNDA:21,(anonymous_8)
FNDA:25,(anonymous_9)
FNDA:25,(anonymous_10)
FNDA:0,(anonymous_11)
DA:38,1
DA:40,1
DA:47,1
DA:54,122
DA:56,122
DA:58,122
DA:60,122
DA:61,122
DA:69,122
DA:70,122
DA:72,122
DA:74,122
DA:83,122
DA:84,0
DA:85,0
DA:88,122
DA:95,0
DA:96,0
DA:105,122
DA:106,25
DA:107,0
DA:108,0
DA:109,0
DA:111,0
DA:113,25
DA:114,25
DA:118,122
DA:119,21
DA:120,0
DA:122,21
DA:123,21
DA:125,21
DA:136,122
DA:139,25
DA:140,3
DA:143,22
DA:144,22
DA:145,22
DA:150,122
DA:152,25
DA:154,25
DA:155,0
DA:158,25
DA:159,0
DA:161,0
DA:162,0
DA:163,0
DA:164,0
DA:174,122
LF:49
LH:34
BRDA:74,0,0,116
BRDA:74,0,1,6
BRDA:107,1,0,0
BRDA:107,1,1,0
BRDA:119,2,0,0
BRDA:119,2,1,21
BRDA:119,3,0,21
BRDA:119,3,1,21
BRDA:139,4,0,3
BRDA:139,4,1,22
BRDA:139,5,0,25
BRDA:139,5,1,3
BRDA:143,6,0,22
BRDA:143,6,1,0
BRDA:152,7,0,25
BRDA:152,7,1,0
BRDA:154,8,0,0
BRDA:154,8,1,25
BRDA:154,9,0,25
BRDA:154,9,1,3
BRDA:158,10,0,0
BRDA:158,10,1,25
BRDA:158,11,0,25
BRDA:158,11,1,3
BRDA:159,12,0,0
BRDA:159,12,1,0
BRDA:161,13,0,0
BRDA:161,13,1,0
BRDA:166,14,0,0
BRDA:166,14,1,0
BRF:30
BRH:17
end_of_record
TN:
SF:src/components/draggable-popover/useDraggablePopoverStyles.ts
FN:9,(anonymous_0)
FNF:1
FNH:1
FNDA:25,(anonymous_0)
DA:9,25
LF:1
LH:1
BRDA:14,0,0,3
BRDA:14,0,1,22
BRDA:22,1,0,25
BRDA:22,1,1,3
BRDA:26,2,0,25
BRDA:26,2,1,3
BRDA:26,2,2,0
BRDA:35,3,0,22
BRDA:35,3,1,3
BRF:9
BRH:8
end_of_record
TN:
SF:src/components/draggable-popover/usePipMouseActivity.ts
FN:16,(anonymous_0)
FN:28,(anonymous_1)
FN:39,(anonymous_2)
FN:67,(anonymous_3)
FN:74,(anonymous_4)
FN:81,(anonymous_5)
FN:83,(anonymous_6)
FN:87,(anonymous_7)
FN:91,(anonymous_8)
FN:97,(anonymous_9)
FN:102,(anonymous_10)
FNF:11
FNH:7
FNDA:122,(anonymous_0)
FNDA:293,(anonymous_1)
FNDA:48,(anonymous_2)
FNDA:4,(anonymous_3)
FNDA:0,(anonymous_4)
FNDA:25,(anonymous_5)
FNDA:4,(anonymous_6)
FNDA:0,(anonymous_7)
FNDA:0,(anonymous_8)
FNDA:48,(anonymous_9)
FNDA:0,(anonymous_10)
DA:14,1
DA:16,1
DA:17,122
DA:18,122
DA:27,122
DA:28,293
DA:39,122
DA:40,48
DA:41,45
DA:43,3
DA:44,0
DA:47,3
DA:48,3
DA:50,0
DA:51,0
DA:60,122
DA:67,122
DA:68,4
DA:69,4
DA:71,0
DA:74,122
DA:75,0
DA:76,0
DA:78,0
DA:81,122
DA:82,25
DA:83,22
DA:84,4
DA:87,3
DA:88,0
DA:89,0
DA:91,3
DA:92,0
DA:97,122
DA:98,48
DA:99,48
DA:101,0
DA:102,0
DA:105,122
LF:39
LH:27
BRDA:40,0,0,45
BRDA:40,0,1,3
BRDA:43,1,0,0
BRDA:43,1,1,3
BRDA:47,2,0,3
BRDA:47,2,1,0
BRDA:50,3,0,0
BRDA:50,3,1,0
BRDA:68,4,0,4
BRDA:68,4,1,0
BRDA:75,5,0,0
BRDA:75,5,1,0
BRDA:82,6,0,22
BRDA:82,6,1,3
BRDA:98,7,0,48
BRDA:98,7,1,0
BRDA:98,8,0,48
BRDA:98,8,1,24
BRDA:98,8,2,0
BRF:19
BRH:10
end_of_record
TN:
SF:src/components/icons/BigPauseIcon.tsx
FN:11,(anonymous_0)
FNF:1
FNH:1
FNDA:41,(anonymous_0)
DA:11,5
DA:12,41
LF:2
LH:2
BRF:0
BRH:0
end_of_record
TN:
SF:src/components/icons/BigPlayIcon.tsx
FN:11,(anonymous_0)
FNF:1
FNH:1
FNDA:58,(anonymous_0)
DA:11,5
DA:12,58
LF:2
LH:2
BRF:0
BRH:0
end_of_record
TN:
SF:src/components/icons/BigReplayIcon.tsx
FN:11,(anonymous_0)
FNF:1
FNH:0
FNDA:0,(anonymous_0)
DA:11,5
DA:12,0
LF:2
LH:1
BRF:0
BRH:0
end_of_record
TN:
SF:src/components/icons/FullscreenEnterIcon.tsx
FN:10,(anonymous_0)
FNF:1
FNH:1
FNDA:17,(anonymous_0)
DA:10,5
DA:11,17
LF:2
LH:2
BRF:0
BRH:0
end_of_record
TN:
SF:src/components/icons/FullscreenExitIcon.tsx
FN:10,(anonymous_0)
FNF:1
FNH:1
FNDA:1,(anonymous_0)
DA:10,5
DA:11,1
LF:2
LH:2
BRF:0
BRH:0
end_of_record
TN:
SF:src/components/icons/PiPIcon.tsx
FN:10,(anonymous_0)
FNF:1
FNH:1
FNDA:35,(anonymous_0)
DA:10,5
DA:11,35
LF:2
LH:2
BRF:0
BRH:0
end_of_record
TN:
SF:src/components/icons/VolumeMutedIcon.tsx
FN:10,(anonymous_0)
FNF:1
FNH:1
FNDA:1,(anonymous_0)
DA:10,5
DA:11,1
LF:2
LH:2
BRF:0
BRH:0
end_of_record
TN:
SF:src/components/media-container/MediaContainer.tsx
FN:43,(anonymous_0)
FN:59,(anonymous_1)
FN:86,(anonymous_2)
FNF:3
FNH:3
FNDA:160,(anonymous_0)
FNDA:379,(anonymous_1)
FNDA:139,(anonymous_2)
DA:42,1
DA:54,160
DA:56,160
DA:58,160
DA:59,379
DA:70,160
DA:74,160
DA:75,160
DA:76,160
DA:77,160
DA:79,160
DA:86,160
DA:87,139
DA:109,160
DA:110,21
DA:113,139
LF:16
LH:16
BRDA:87,0,0,139
BRDA:87,0,1,0
BRDA:93,1,0,139
BRDA:93,1,1,139
BRDA:98,2,0,139
BRDA:98,2,1,9
BRDA:98,2,2,9
BRDA:109,3,0,21
BRDA:109,3,1,139
BRDA:109,4,0,160
BRDA:109,4,1,139
BRDA:115,5,0,139
BRDA:115,5,1,139
BRDA:116,6,0,139
BRDA:116,6,1,139
BRF:15
BRH:14
end_of_record
TN:
SF:src/components/media-container/UsePipHook.tsx
FN:14,(anonymous_0)
FN:27,(anonymous_1)
FN:48,(anonymous_2)
FN:62,(anonymous_3)
FN:69,(anonymous_4)
FN:101,(anonymous_5)
FNF:6
FNH:6
FNDA:103,(anonymous_0)
FNDA:274,(anonymous_1)
FNDA:25,(anonymous_2)
FNDA:21,(anonymous_3)
FNDA:48,(anonymous_4)
FNDA:3,(anonymous_5)
DA:11,1
DA:14,1
DA:26,103
DA:27,274
DA:42,103
DA:44,103
DA:46,103
DA:48,25
DA:53,103
DA:58,103
DA:62,103
DA:63,21
DA:64,0
DA:69,103
DA:71,48
DA:72,48
DA:74,0
DA:76,0
DA:77,0
DA:80,0
DA:81,0
DA:83,0
DA:84,0
DA:99,103
DA:102,3
DA:103,3
DA:104,3
DA:105,3
DA:111,103
LF:29
LH:21
BRDA:63,0,0,0
BRDA:63,0,1,21
BRDA:71,1,0,48
BRDA:71,1,1,0
BRDA:76,2,0,0
BRDA:76,2,1,0
BRDA:76,3,0,0
BRDA:76,3,1,0
BRDA:76,3,2,0
BRDA:80,4,0,0
BRDA:80,4,1,0
BRDA:80,5,0,0
BRDA:80,5,1,0
BRDA:83,6,0,0
BRDA:83,6,1,0
BRDA:83,7,0,0
BRDA:83,7,1,0
BRDA:103,8,0,3
BRDA:103,8,1,0
BRF:19
BRH:3
end_of_record
TN:
SF:src/components/media-container/useIsPlayerReadyHook.ts
FN:10,(anonymous_0)
FN:15,(anonymous_1)
FNF:2
FNH:2
FNDA:160,(anonymous_0)
FNDA:42,(anonymous_1)
DA:10,1
DA:13,160
DA:15,160
DA:17,42
DA:18,21
DA:20,21
DA:21,21
DA:22,0
DA:23,0
DA:27,160
LF:10
LH:8
BRDA:17,0,0,21
BRDA:17,0,1,21
BRDA:20,1,0,21
BRDA:20,1,1,0
BRDA:22,2,0,0
BRDA:22,2,1,0
BRF:6
BRH:3
end_of_record
TN:
SF:src/components/media-container/useMediaContainerStyles.ts
FN:4,(anonymous_0)
FN:41,(anonymous_1)
FNF:2
FNH:2
FNDA:21,(anonymous_0)
FNDA:21,(anonymous_1)
DA:3,1
DA:4,21
DA:40,1
DA:41,21
LF:4
LH:4
BRDA:12,0,0,3
BRDA:12,0,1,18
BRDA:13,1,0,3
BRDA:13,1,1,18
BRDA:22,2,0,3
BRDA:22,2,1,18
BRDA:43,3,0,3
BRDA:43,3,1,18
BRF:8
BRH:8
end_of_record
TN:
SF:src/components/media-container/useMouseActivityHook.ts
FN:17,(anonymous_0)
FN:31,(anonymous_1)
FN:44,(anonymous_2)
FN:75,(anonymous_3)
FN:79,(anonymous_4)
FN:83,(anonymous_5)
FN:84,(anonymous_6)
FN:88,(anonymous_7)
FN:94,(anonymous_8)
FN:99,(anonymous_9)
FN:105,(anonymous_10)
FNF:11
FNH:11
FNDA:160,(anonymous_0)
FNDA:379,(anonymous_1)
FNDA:123,(anonymous_2)
FNDA:32,(anonymous_3)
FNDA:4,(anonymous_4)
FNDA:21,(anonymous_5)
FNDA:25,(anonymous_6)
FNDA:32,(anonymous_7)
FNDA:94,(anonymous_8)
FNDA:28,(anonymous_9)
FNDA:23,(anonymous_10)
DA:15,1
DA:17,1
DA:18,160
DA:19,160
DA:30,160
DA:31,379
DA:44,160
DA:45,123
DA:46,1
DA:48,122
DA:49,122
DA:50,80
DA:52,42
DA:53,3
DA:55,39
DA:56,6
DA:58,33
DA:68,160
DA:75,160
DA:76,32
DA:79,160
DA:80,4
DA:83,160
DA:84,21
DA:85,25
DA:86,25
DA:88,21
DA:89,32
DA:94,160
DA:95,94
DA:96,66
DA:98,28
DA:99,28
DA:103,160
DA:106,23
DA:107,23
DA:113,160
LF:37
LH:37
BRDA:45,0,0,1
BRDA:45,0,1,122
BRDA:48,1,0,122
BRDA:48,1,1,40
BRDA:49,2,0,80
BRDA:49,2,1,42
BRDA:52,3,0,3
BRDA:52,3,1,39
BRDA:55,4,0,6
BRDA:55,4,1,33
BRDA:95,5,0,66
BRDA:95,5,1,28
BRDA:95,6,0,94
BRDA:95,6,1,31
BRF:14
BRH:14
end_of_record
TN:
SF:src/components/media-container/useReactPlayerProps.ts
FN:12,(anonymous_0)
FN:35,(anonymous_1)
FN:64,(anonymous_2)
FN:72,(anonymous_3)
FN:73,(anonymous_4)
FN:77,(anonymous_5)
FN:80,(anonymous_6)
FN:81,(anonymous_7)
FN:87,(anonymous_8)
FN:93,(anonymous_9)
FNF:10
FNH:6
FNDA:160,(anonymous_0)
FNDA:429,(anonymous_1)
FNDA:0,(anonymous_2)
FNDA:0,(anonymous_3)
FNDA:0,(anonymous_4)
FNDA:0,(anonymous_5)
FNDA:25,(anonymous_6)
FNDA:25,(anonymous_7)
FNDA:25,(anonymous_8)
FNDA:64,(anonymous_9)
DA:12,1
DA:13,160
DA:15,160
DA:17,160
DA:34,160
DA:35,429
DA:54,160
DA:56,160
DA:65,0
DA:66,0
DA:67,0
DA:68,0
DA:70,0
DA:72,0
DA:74,0
DA:75,0
DA:77,0
DA:80,160
DA:81,25
DA:85,160
DA:87,25
DA:93,160
DA:94,64
DA:95,42
DA:97,22
DA:100,160
LF:26
LH:17
BRDA:66,0,0,0
BRDA:66,0,1,0
BRDA:94,1,0,42
BRDA:94,1,1,22
BRF:4
BRH:2
end_of_record
TN:
SF:src/components/media-player/MediaPlayer.tsx
FN:40,(anonymous_0)
FNF:1
FNH:1
FNDA:21,(anonymous_0)
DA:39,1
DA:41,21
DA:42,21
DA:43,21
LF:4
LH:4
BRDA:40,0,0,21
BRDA:77,1,0,21
BRDA:77,1,1,21
BRF:3
BRH:3
end_of_record
TN:
SF:src/components/media-player/useMediaPlayerStyles.ts
FNF:0
FNH:0
DA:3,1
LF:1
LH:1
BRF:0
BRH:0
end_of_record
TN:
SF:src/components/media-player/components/AdditionalControls.tsx
FN:18,(anonymous_0)
FN:22,(anonymous_1)
FNF:2
FNH:2
FNDA:25,(anonymous_0)
FNDA:196,(anonymous_1)
DA:18,1
DA:21,25
DA:22,196
DA:25,25
DA:26,25
DA:29,25
DA:31,25
DA:32,3
DA:41,22
LF:9
LH:9
BRDA:31,0,0,3
BRDA:31,0,1,22
BRDA:31,1,0,25
BRDA:31,1,1,4
BRF:4
BRH:4
end_of_record
TN:
SF:src/components/media-poster/MediaPoster.tsx
FN:16,(anonymous_0)
FNF:1
FNH:1
FNDA:6,(anonymous_0)
DA:16,1
DA:24,6
DA:25,6
DA:26,6
LF:4
LH:4
BRF:0
BRH:0
end_of_record
TN:
SF:src/components/media-poster/useMediaPosterStyles.ts
FN:9,(anonymous_0)
FNF:1
FNH:1
FNDA:3,(anonymous_0)
DA:8,1
DA:9,3
LF:2
LH:2
BRDA:12,0,0,0
BRDA:12,0,1,3
BRDA:13,1,0,3
BRDA:13,1,1,0
BRDA:14,2,0,3
BRDA:14,2,1,0
BRF:6
BRH:3
end_of_record
TN:
SF:src/components/pip-controls/PipControls.tsx
FN:31,(anonymous_0)
FN:34,(anonymous_1)
FNF:2
FNH:2
FNDA:6,(anonymous_0)
FNDA:11,(anonymous_1)
DA:31,5
DA:34,11
DA:35,6
DA:36,6
DA:47,6
DA:49,6
DA:50,6
DA:53,0
LF:8
LH:7
BRDA:32,0,0,6
BRDA:49,1,0,6
BRDA:49,1,1,0
BRF:3
BRH:2
end_of_record
TN:
SF:src/components/pip-controls/usePipControlsHook.ts
FN:16,(anonymous_0)
FN:20,(anonymous_1)
FN:35,(anonymous_2)
FN:40,(anonymous_3)
FN:41,(anonymous_4)
FN:42,(anonymous_5)
FNF:6
FNH:3
FNDA:6,(anonymous_0)
FNDA:11,(anonymous_1)
FNDA:3,(anonymous_2)
FNDA:0,(anonymous_3)
FNDA:0,(anonymous_4)
FNDA:0,(anonymous_5)
DA:16,5
DA:19,6
DA:20,11
DA:28,6
DA:31,6
DA:33,6
DA:35,3
DA:39,6
DA:40,6
DA:41,6
DA:42,6
DA:43,0
DA:44,0
DA:47,6
LF:14
LH:12
BRF:0
BRH:0
end_of_record
TN:
SF:src/components/pip-controls/usePipControlsStyles.tsx
FN:3,(anonymous_0)
FNF:1
FNH:1
FNDA:3,(anonymous_0)
DA:3,5
LF:1
LH:1
BRF:0
BRH:0
end_of_record
TN:
SF:src/components/play-pause-animation/PauseAnimation.tsx
FN:24,(anonymous_0)
FN:31,(anonymous_1)
FN:36,(anonymous_2)
FN:48,(anonymous_3)
FNF:4
FNH:4
FNDA:47,(anonymous_0)
FNDA:215,(anonymous_1)
FNDA:3,(anonymous_2)
FNDA:27,(anonymous_3)
DA:24,1
DA:28,47
DA:29,47
DA:30,47
DA:31,215
DA:34,47
DA:37,3
DA:38,0
DA:40,3
DA:41,3
DA:48,47
DA:49,27
DA:50,3
DA:54,47
DA:55,6
DA:57,41
LF:16
LH:15
BRDA:25,0,0,47
BRDA:37,1,0,0
BRDA:37,1,1,3
BRDA:40,2,0,3
BRDA:40,2,1,0
BRDA:49,3,0,3
BRDA:49,3,1,24
BRDA:54,4,0,6
BRDA:54,4,1,41
BRF:9
BRH:7
end_of_record
TN:
SF:src/components/play-pause-animation/PlayAnimation.tsx
FN:23,(anonymous_0)
FN:30,(anonymous_1)
FN:36,(anonymous_2)
FN:48,(anonymous_3)
FNF:4
FNH:4
FNDA:46,(anonymous_0)
FNDA:214,(anonymous_1)
FNDA:20,(anonymous_2)
FNDA:25,(anonymous_3)
DA:23,1
DA:27,46
DA:28,46
DA:29,46
DA:30,214
DA:34,46
DA:37,20
DA:38,18
DA:40,2
DA:41,2
DA:48,46
DA:49,25
DA:50,2
DA:54,46
DA:55,6
DA:58,40
LF:16
LH:16
BRDA:24,0,0,46
BRDA:37,1,0,18
BRDA:37,1,1,2
BRDA:40,2,0,2
BRDA:40,2,1,0
BRDA:49,3,0,2
BRDA:49,3,1,23
BRDA:54,4,0,6
BRDA:54,4,1,40
BRF:9
BRH:8
end_of_record
TN:
SF:src/components/play-pause-animation/usePlayPauseAnimationStyles.ts
FN:3,(anonymous_0)
FNF:1
FNH:1
FNDA:42,(anonymous_0)
DA:3,42
LF:1
LH:1
BRF:0
BRH:0
end_of_record
TN:
SF:src/components/play-pause-animation/usePlayPauseHook.ts
FN:11,(anonymous_0)
FN:12,(anonymous_1)
FN:13,(anonymous_2)
FNF:3
FNH:3
FNDA:93,(anonymous_0)
FNDA:429,(anonymous_1)
FNDA:429,(anonymous_2)
DA:11,1
DA:12,429
DA:13,429
DA:15,93
DA:17,93
LF:5
LH:5
BRF:0
BRH:0
end_of_record
TN:
SF:src/components/player/Player.tsx
FN:21,(anonymous_0)
FNF:1
FNH:1
FNDA:103,(anonymous_0)
DA:20,1
DA:22,103
DA:24,103
LF:3
LH:3
BRDA:29,0,0,1
BRDA:29,0,1,102
BRF:2
BRH:2
end_of_record
TN:
SF:src/components/player/usePlayerHook.ts
FN:12,(anonymous_0)
FN:25,(anonymous_1)
FN:40,(anonymous_2)
FN:52,(anonymous_3)
FN:57,(anonymous_4)
FN:58,(anonymous_5)
FN:67,(anonymous_6)
FN:70,(anonymous_7)
FN:75,(anonymous_8)
FN:95,(anonymous_9)
FN:105,(anonymous_10)
FN:109,(anonymous_11)
FN:112,(anonymous_12)
FN:121,(anonymous_13)
FN:133,(anonymous_14)
FN:141,(anonymous_15)
FNF:16
FNH:11
FNDA:103,(anonymous_0)
FNDA:268,(anonymous_1)
FNDA:103,(anonymous_2)
FNDA:0,(anonymous_3)
FNDA:0,(anonymous_4)
FNDA:0,(anonymous_5)
FNDA:0,(anonymous_6)
FNDA:0,(anonymous_7)
FNDA:25,(anonymous_8)
FNDA:25,(anonymous_9)
FNDA:12,(anonymous_10)
FNDA:25,(anonymous_11)
FNDA:25,(anonymous_12)
FNDA:4,(anonymous_13)
FNDA:48,(anonymous_14)
FNDA:48,(anonymous_15)
DA:12,1
DA:13,103
DA:24,103
DA:25,268
DA:40,103
DA:41,103
DA:43,103
DA:44,103
DA:46,0
DA:47,0
DA:48,0
DA:52,103
DA:53,0
DA:54,0
DA:55,0
DA:57,0
DA:59,0
DA:60,0
DA:67,103
DA:68,0
DA:69,0
DA:70,0
DA:71,0
DA:75,103
DA:76,25
DA:81,0
DA:82,0
DA:83,0
DA:85,0
DA:86,0
DA:88,0
DA:90,25
DA:93,103
DA:95,103
DA:96,25
DA:97,0
DA:99,25
DA:100,25
DA:101,0
DA:105,25
DA:106,12
DA:107,12
DA:109,25
DA:112,103
DA:115,25
DA:116,25
DA:117,0
DA:121,103
DA:123,4
DA:124,0
DA:126,4
DA:127,3
DA:129,1
DA:133,103
DA:134,48
DA:135,48
DA:136,0
DA:140,48
DA:141,48
DA:142,48
DA:146,103
LF:61
LH:37
BRDA:43,0,0,103
BRDA:43,0,1,0
BRDA:47,1,0,0
BRDA:47,1,1,0
BRDA:76,2,0,0
BRDA:76,2,1,25
BRDA:77,3,0,25
BRDA:77,3,1,25
BRDA:77,3,2,25
BRDA:82,4,0,0
BRDA:82,4,1,0
BRDA:82,5,0,0
BRDA:82,5,1,0
BRDA:86,6,0,0
BRDA:86,6,1,0
BRDA:96,7,0,0
BRDA:96,7,1,25
BRDA:96,8,0,25
BRDA:96,8,1,25
BRDA:100,9,0,0
BRDA:100,9,1,25
BRDA:116,10,0,0
BRDA:116,10,1,25
BRDA:123,11,0,0
BRDA:123,11,1,4
BRDA:126,12,0,3
BRDA:126,12,1,1
BRDA:135,13,0,0
BRDA:135,13,1,48
BRF:29
BRH:14
end_of_record
TN:
SF:src/components/progress-bar/EventBasedProgressBar.tsx
FN:27,(anonymous_0)
FN:36,(anonymous_1)
FN:52,(anonymous_2)
FN:58,(anonymous_3)
FNF:4
FNH:0
FNDA:0,(anonymous_0)
FNDA:0,(anonymous_1)
FNDA:0,(anonymous_2)
FNDA:0,(anonymous_3)
DA:27,0
DA:34,0
DA:35,0
DA:36,0
DA:41,0
DA:42,0
DA:43,0
DA:46,0
DA:47,0
DA:50,0
DA:52,0
DA:56,0
DA:59,0
DA:62,0
DA:66,0
DA:71,0
LF:16
LH:0
BRDA:29,0,0,0
BRDA:30,1,0,0
BRDA:42,2,0,0
BRDA:42,2,1,0
BRDA:59,3,0,0
BRDA:59,3,1,0
BRDA:59,4,0,0
BRDA:59,4,1,0
BRF:8
BRH:0
end_of_record
TN:
SF:src/components/progress-bar/ProgressBar.tsx
FN:23,(anonymous_0)
FN:30,(anonymous_1)
FN:31,(anonymous_2)
FN:32,(anonymous_3)
FN:33,(anonymous_4)
FN:34,(anonymous_5)
FN:36,(anonymous_6)
FN:52,(anonymous_7)
FNF:8
FNH:7
FNDA:74,(anonymous_0)
FNDA:253,(anonymous_1)
FNDA:253,(anonymous_2)
FNDA:253,(anonymous_3)
FNDA:253,(anonymous_4)
FNDA:253,(anonymous_5)
FNDA:0,(anonymous_6)
FNDA:28,(anonymous_7)
DA:23,5
DA:28,74
DA:29,74
DA:30,253
DA:31,253
DA:32,253
DA:33,253
DA:34,253
DA:36,74
DA:41,0
DA:42,0
DA:43,0
DA:46,0
DA:47,0
DA:50,74
DA:53,28
DA:56,0
DA:60,28
DA:68,74
DA:70,74
DA:71,18
DA:73,56
LF:22
LH:16
BRDA:25,0,0,74
BRDA:42,1,0,0
BRDA:42,1,1,0
BRDA:53,2,0,0
BRDA:53,2,1,28
BRDA:53,3,0,28
BRDA:53,3,1,0
BRDA:70,4,0,18
BRDA:70,4,1,56
BRDA:70,5,0,74
BRDA:70,5,1,21
BRF:11
BRH:7
end_of_record
TN:
SF:src/components/progress-bar/useProgressBarStyles.ts
FN:6,(anonymous_0)
FNF:1
FNH:1
FNDA:31,(anonymous_0)
DA:3,5
DA:6,31
LF:2
LH:2
BRDA:8,0,0,31
BRDA:8,0,1,28
BRDA:14,1,0,31
BRDA:14,1,1,3
BRDA:21,2,0,3
BRDA:21,2,1,0
BRDA:24,3,0,3
BRDA:24,3,1,3
BRDA:24,3,2,3
BRF:9
BRH:8
end_of_record
TN:
SF:src/components/progress-bar/components/EventRail.tsx
FN:13,(anonymous_0)
FN:20,(anonymous_1)
FNF:2
FNH:0
FNDA:0,(anonymous_0)
FNDA:0,(anonymous_1)
DA:11,0
DA:13,0
DA:15,0
DA:16,0
DA:18,0
DA:21,0
DA:26,0
LF:7
LH:0
BRF:0
BRH:0
end_of_record
TN:
SF:src/components/progress-bar/components/ProgressBarStyled.ts
FN:5,(anonymous_0)
FNF:1
FNH:1
FNDA:34,(anonymous_0)
DA:4,5
DA:5,34
LF:2
LH:2
BRF:0
BRH:0
end_of_record
TN:
SF:src/components/progress-bar/components/Rail.tsx
FN:14,(anonymous_0)
FN:18,(anonymous_1)
FN:21,(anonymous_2)
FN:25,(anonymous_3)
FNF:4
FNH:3
FNDA:34,(anonymous_0)
FNDA:151,(anonymous_1)
FNDA:151,(anonymous_2)
FNDA:0,(anonymous_3)
DA:12,5
DA:14,5
DA:15,34
DA:16,34
DA:17,34
DA:18,151
DA:21,151
DA:23,34
DA:26,0
DA:31,0
LF:10
LH:8
BRF:0
BRH:0
end_of_record
TN:
SF:src/components/progress-bar/components/RailStyled.ts
FN:21,(anonymous_0)
FN:37,(anonymous_1)
FN:39,(anonymous_2)
FNF:3
FNH:1
FNDA:0,(anonymous_0)
FNDA:5,(anonymous_1)
FNDA:0,(anonymous_2)
DA:13,5
DA:21,5
DA:24,0
DA:36,5
DA:37,5
DA:46,0
LF:6
LH:4
BRDA:41,0,0,0
BRDA:42,1,0,0
BRDA:52,2,0,0
BRDA:52,2,1,0
BRDA:58,3,0,0
BRDA:58,3,1,0
BRDA:65,4,0,0
BRDA:65,4,1,0
BRF:8
BRH:0
end_of_record
TN:
SF:src/components/progress-bar/components/useRailStyles.ts
FN:3,(anonymous_0)
FNF:1
FNH:1
FNDA:24,(anonymous_0)
DA:3,24
LF:1
LH:1
BRF:0
BRH:0
end_of_record
TN:
SF:src/context/EventRailsProvider.tsx
FN:17,(anonymous_0)
FNF:1
FNH:0
FNDA:0,(anonymous_0)
DA:17,5
DA:23,0
LF:2
LH:1
BRDA:18,0,0,0
BRF:1
BRH:0
end_of_record
TN:
SF:src/context/HighlightsProvider.tsx
FN:14,(anonymous_0)
FNF:1
FNH:1
FNDA:37,(anonymous_0)
DA:14,5
DA:18,37
LF:2
LH:2
BRDA:15,0,0,37
BRF:1
BRH:1
end_of_record
TN:
SF:src/context/MediaProvider.tsx
FN:24,(anonymous_0)
FN:25,(anonymous_1)
FN:26,(anonymous_2)
FN:26,(anonymous_3)
FN:27,(anonymous_4)
FN:27,(anonymous_5)
FN:50,(anonymous_6)
FN:66,(anonymous_7)
FN:71,(anonymous_8)
FN:112,(anonymous_9)
FNF:10
FNH:3
FNDA:0,(anonymous_0)
FNDA:0,(anonymous_1)
FNDA:0,(anonymous_2)
FNDA:0,(anonymous_3)
FNDA:0,(anonymous_4)
FNDA:0,(anonymous_5)
FNDA:37,(anonymous_6)
FNDA:49,(anonymous_7)
FNDA:0,(anonymous_8)
FNDA:3960,(anonymous_9)
DA:23,5
DA:24,0
DA:25,0
DA:26,0
DA:27,0
DA:50,5
DA:61,37
DA:62,37
DA:63,37
DA:64,37
DA:65,37
DA:66,37
DA:67,49
DA:68,49
DA:71,37
DA:72,0
DA:73,0
DA:77,37
DA:96,37
DA:112,5
DA:116,3960
DA:117,3960
DA:118,0
DA:121,3960
LF:24
LH:17
BRDA:56,0,0,36
BRDA:59,1,0,0
BRDA:67,2,0,49
BRDA:67,2,1,0
BRDA:72,3,0,0
BRDA:72,3,1,0
BRDA:114,4,0,2723
BRDA:117,5,0,0
BRDA:117,5,1,3960
BRF:9
BRH:4
end_of_record
TN:
SF:src/context/PIPControlsProvider.tsx
FN:14,(anonymous_0)
FNF:1
FNH:1
FNDA:21,(anonymous_0)
DA:14,5
DA:18,21
LF:2
LH:2
BRDA:15,0,0,21
BRF:1
BRH:1
end_of_record
TN:
SF:src/context/eventRails.ts
FN:16,(anonymous_0)
FNF:1
FNH:0
FNDA:0,(anonymous_0)
DA:14,5
DA:16,0
LF:2
LH:1
BRF:0
BRH:0
end_of_record
TN:
SF:src/context/highlights.ts
FNF:0
FNH:0
DA:11,5
LF:1
LH:1
BRF:0
BRH:0
end_of_record
TN:
SF:src/context/pipControls.ts
FNF:0
FNH:0
DA:9,5
LF:1
LH:1
BRF:0
BRH:0
end_of_record
TN:
SF:src/hooks/use-delayed-state.ts
FN:7,(anonymous_0)
FN:13,(anonymous_1)
FN:20,(anonymous_2)
FN:27,(anonymous_3)
FN:34,(anonymous_4)
FN:35,(anonymous_5)
FNF:6
FNH:6
FNDA:101,(anonymous_0)
FNDA:29,(anonymous_1)
FNDA:27,(anonymous_2)
FNDA:1,(anonymous_3)
FNDA:50,(anonymous_4)
FNDA:50,(anonymous_5)
DA:7,6
DA:10,101
DA:11,101
DA:13,101
DA:14,29
DA:15,1
DA:17,28
DA:18,0
DA:20,28
DA:21,27
DA:22,27
DA:27,101
DA:28,1
DA:29,1
DA:30,1
DA:34,101
DA:35,50
DA:36,50
DA:37,0
DA:41,101
LF:20
LH:18
BRDA:13,0,0,0
BRDA:14,1,0,1
BRDA:14,1,1,28
BRDA:14,2,0,29
BRDA:14,2,1,28
BRDA:17,3,0,0
BRDA:17,3,1,28
BRDA:28,4,0,1
BRDA:28,4,1,0
BRDA:36,5,0,0
BRDA:36,5,1,50
BRF:11
BRH:7
end_of_record
TN:
SF:src/hooks/use-event-rails-context.ts
FN:10,(anonymous_0)
FNF:1
FNH:0
FNDA:0,(anonymous_0)
DA:10,5
DA:11,0
DA:12,0
DA:13,0
DA:17,0
LF:5
LH:1
BRDA:12,0,0,0
BRDA:12,0,1,0
BRF:2
BRH:0
end_of_record
TN:
SF:src/hooks/use-highlights.ts
FN:10,(anonymous_0)
FNF:1
FNH:1
FNDA:34,(anonymous_0)
DA:10,5
DA:11,34
DA:12,34
DA:13,0
DA:15,34
LF:5
LH:4
BRDA:12,0,0,0
BRDA:12,0,1,34
BRF:2
BRH:1
end_of_record
TN:
SF:src/hooks/use-is-audio.ts
FN:8,(anonymous_0)
FN:9,(anonymous_1)
FNF:2
FNH:2
FNDA:664,(anonymous_0)
FNDA:2527,(anonymous_1)
DA:8,5
DA:9,2527
DA:10,664
LF:3
LH:3
BRF:0
BRH:0
end_of_record
TN:
SF:src/hooks/use-media-listener.ts
FN:15,(anonymous_0)
FN:22,(anonymous_1)
FN:25,(anonymous_2)
FN:31,(anonymous_3)
FN:34,(anonymous_4)
FNF:5
FNH:5
FNDA:790,(anonymous_0)
FNDA:718,(anonymous_1)
FNDA:718,(anonymous_2)
FNDA:196,(anonymous_3)
FNDA:718,(anonymous_4)
DA:15,6
DA:21,790
DA:22,790
DA:23,718
DA:25,790
DA:26,718
DA:27,718
DA:28,0
DA:31,718
DA:32,196
DA:33,718
DA:34,718
DA:35,718
LF:13
LH:12
BRDA:26,0,0,718
BRDA:26,0,1,718
BRDA:27,1,0,0
BRDA:27,1,1,718
BRF:4
BRH:3
end_of_record
TN:
SF:src/hooks/use-media-type.ts
FN:9,(anonymous_0)
FN:10,(anonymous_1)
FNF:2
FNH:0
FNDA:0,(anonymous_0)
FNDA:0,(anonymous_1)
DA:9,5
DA:10,0
DA:12,0
LF:3
LH:1
BRF:0
BRH:0
end_of_record
TN:
SF:src/hooks/use-on-hovered-element.ts
FN:22,(anonymous_0)
FN:28,(anonymous_1)
FN:32,(anonymous_2)
FN:35,(anonymous_3)
FN:44,(anonymous_4)
FN:49,(anonymous_5)
FN:63,(anonymous_6)
FN:65,(anonymous_7)
FN:76,(anonymous_8)
FN:78,(anonymous_9)
FNF:10
FNH:9
FNDA:249,(anonymous_0)
FNDA:23,(anonymous_1)
FNDA:0,(anonymous_2)
FNDA:212,(anonymous_3)
FNDA:212,(anonymous_4)
FNDA:16,(anonymous_5)
FNDA:243,(anonymous_6)
FNDA:1234,(anonymous_7)
FNDA:6,(anonymous_8)
FNDA:11,(anonymous_9)
DA:22,5
DA:26,249
DA:28,249
DA:29,23
DA:32,249
DA:33,0
DA:35,249
DA:36,212
DA:37,16
DA:41,249
DA:44,249
DA:45,212
DA:46,196
DA:48,16
DA:49,16
DA:52,249
DA:63,5
DA:64,243
DA:65,1234
DA:68,243
DA:76,5
DA:77,6
DA:78,11
DA:81,6
LF:24
LH:23
BRDA:36,0,0,16
BRDA:36,0,1,196
BRDA:45,1,0,196
BRDA:45,1,1,16
BRF:4
BRH:4
end_of_record
TN:
SF:src/hooks/use-one-ms-delayed-state.ts
FN:14,(anonymous_0)
FN:20,(anonymous_1)
FNF:2
FNH:2
FNDA:95,(anonymous_0)
FNDA:26,(anonymous_1)
DA:6,5
DA:14,5
DA:17,95
DA:19,95
DA:20,26
DA:24,95
LF:6
LH:6
BRF:0
BRH:0
end_of_record
TN:
SF:src/hooks/use-pip-controls-context.ts
FN:10,(anonymous_0)
FNF:1
FNH:1
FNDA:122,(anonymous_0)
DA:10,5
DA:11,122
DA:12,122
DA:13,0
DA:17,122
LF:5
LH:4
BRDA:12,0,0,0
BRDA:12,0,1,122
BRF:2
BRH:1
end_of_record
TN:
SF:src/hooks/use-play-pause-replay.ts
FN:18,(anonymous_0)
FN:20,(anonymous_1)
FN:21,(anonymous_2)
FN:22,(anonymous_3)
FN:23,(anonymous_4)
FN:24,(anonymous_5)
FN:29,(anonymous_6)
FN:40,(anonymous_7)
FNF:8
FNH:7
FNDA:95,(anonymous_0)
FNDA:389,(anonymous_1)
FNDA:389,(anonymous_2)
FNDA:389,(anonymous_3)
FNDA:389,(anonymous_4)
FNDA:389,(anonymous_5)
FNDA:0,(anonymous_6)
FNDA:26,(anonymous_7)
DA:18,5
DA:19,95
DA:20,389
DA:21,389
DA:22,389
DA:23,389
DA:24,389
DA:27,95
DA:30,0
DA:31,0
DA:33,0
DA:38,95
DA:41,26
DA:46,95
LF:14
LH:11
BRDA:30,0,0,0
BRDA:30,0,1,0
BRF:2
BRH:0
end_of_record
TN:
SF:src/hooks/use-player-context.ts
FN:16,(anonymous_0)
FN:20,(anonymous_1)
FNF:2
FNH:2
FNDA:2,(anonymous_0)
FNDA:1,(anonymous_1)
DA:16,6
DA:18,2
DA:19,2
DA:20,2
DA:21,1
DA:22,1
DA:23,1
DA:26,2
DA:27,2
LF:9
LH:9
BRDA:22,0,0,1
BRDA:22,0,1,0
BRF:2
BRH:1
end_of_record
TN:
SF:src/store/media-store.ts
FN:23,(anonymous_0)
FN:23,(anonymous_1)
FN:32,(anonymous_2)
FN:39,(anonymous_3)
FN:40,(anonymous_4)
FN:41,(anonymous_5)
FN:42,(anonymous_6)
FN:43,(anonymous_7)
FN:44,(anonymous_8)
FN:58,(anonymous_9)
FN:59,(anonymous_10)
FN:66,(anonymous_11)
FN:70,(anonymous_12)
FN:71,(anonymous_13)
FN:93,(anonymous_14)
FN:94,(anonymous_15)
FN:98,(anonymous_16)
FN:102,(anonymous_17)
FN:104,(anonymous_18)
FN:105,(anonymous_19)
FN:109,(anonymous_20)
FN:110,(anonymous_21)
FN:116,(anonymous_22)
FN:117,(anonymous_23)
FN:123,(anonymous_24)
FN:124,(anonymous_25)
FN:128,(anonymous_26)
FN:129,(anonymous_27)
FN:134,(anonymous_28)
FN:135,(anonymous_29)
FN:149,(anonymous_30)
FN:150,(anonymous_31)
FN:159,(anonymous_32)
FN:160,(anonymous_33)
FN:174,(anonymous_34)
FN:175,(anonymous_35)
FN:176,(anonymous_36)
FN:177,(anonymous_37)
FN:181,(anonymous_38)
FN:182,(anonymous_39)
FN:211,(anonymous_40)
FN:212,(anonymous_41)
FN:227,(anonymous_42)
FN:228,(anonymous_43)
FN:321,(anonymous_44)
FN:321,(anonymous_45)
FN:321,(anonymous_46)
FN:323,(anonymous_47)
FN:331,(anonymous_48)
FN:336,(anonymous_49)
FNF:50
FNH:42
FNDA:37,(anonymous_0)
FNDA:37,(anonymous_1)
FNDA:37,(anonymous_2)
FNDA:37,(anonymous_3)
FNDA:0,(anonymous_4)
FNDA:24,(anonymous_5)
FNDA:25,(anonymous_6)
FNDA:1,(anonymous_7)
FNDA:1,(anonymous_8)
FNDA:1,(anonymous_9)
FNDA:1,(anonymous_10)
FNDA:598,(anonymous_11)
FNDA:22,(anonymous_12)
FNDA:22,(anonymous_13)
FNDA:4,(anonymous_14)
FNDA:4,(anonymous_15)
FNDA:3,(anonymous_16)
FNDA:0,(anonymous_17)
FNDA:9,(anonymous_18)
FNDA:9,(anonymous_19)
FNDA:0,(anonymous_20)
FNDA:0,(anonymous_21)
FNDA:1,(anonymous_22)
FNDA:1,(anonymous_23)
FNDA:139,(anonymous_24)
FNDA:139,(anonymous_25)
FNDA:3,(anonymous_26)
FNDA:3,(anonymous_27)
FNDA:4,(anonymous_28)
FNDA:4,(anonymous_29)
FNDA:2,(anonymous_30)
FNDA:2,(anonymous_31)
FNDA:3,(anonymous_32)
FNDA:3,(anonymous_33)
FNDA:0,(anonymous_34)
FNDA:23,(anonymous_35)
FNDA:0,(anonymous_36)
FNDA:2,(anonymous_37)
FNDA:29,(anonymous_38)
FNDA:29,(anonymous_39)
FNDA:0,(anonymous_40)
FNDA:0,(anonymous_41)
FNDA:5,(anonymous_42)
FNDA:5,(anonymous_43)
FNDA:37,(anonymous_44)
FNDA:37,(anonymous_45)
FNDA:37,(anonymous_46)
FNDA:297,(anonymous_47)
FNDA:37,(anonymous_48)
FNDA:37,(anonymous_49)
DA:23,37
DA:32,37
DA:39,37
DA:40,0
DA:41,24
DA:42,25
DA:44,1
DA:45,1
DA:46,1
DA:47,0
DA:49,1
DA:50,0
DA:52,1
DA:53,1
DA:54,0
DA:56,1
DA:59,1
DA:60,1
DA:61,1
DA:62,0
DA:64,1
DA:66,598
DA:71,22
DA:72,22
DA:73,22
DA:74,22
DA:75,20
DA:77,22
DA:82,0
DA:83,0
DA:91,22
DA:94,4
DA:95,4
DA:96,4
DA:97,4
DA:98,3
DA:100,4
DA:103,0
DA:105,9
DA:106,9
DA:107,9
DA:110,0
DA:111,0
DA:112,0
DA:117,1
DA:118,1
DA:119,1
DA:124,139
DA:125,139
DA:126,139
DA:129,3
DA:130,3
DA:131,3
DA:135,4
DA:136,4
DA:139,0
DA:141,4
DA:142,0
DA:144,4
DA:145,4
DA:150,2
DA:151,2
DA:154,0
DA:156,2
DA:157,2
DA:160,3
DA:161,3
DA:162,3
DA:163,0
DA:165,3
DA:174,0
DA:175,23
DA:176,0
DA:178,2
DA:182,29
DA:183,29
DA:184,29
DA:185,29
DA:186,25
DA:187,25
DA:188,25
DA:189,25
DA:195,29
DA:202,29
DA:212,0
DA:216,0
DA:217,0
DA:222,0
DA:224,0
DA:228,5
DA:229,5
DA:233,5
DA:239,5
DA:241,5
DA:245,5
DA:248,5
DA:254,1
DA:258,1
DA:266,5
DA:267,5
DA:269,5
DA:271,5
DA:277,5
DA:279,5
DA:280,5
DA:282,5
DA:283,1
DA:289,5
DA:290,5
DA:294,5
DA:299,5
DA:300,0
DA:302,5
DA:304,5
DA:305,0
DA:307,5
DA:321,37
DA:322,37
DA:324,297
DA:325,297
DA:331,5
DA:335,37
DA:336,37
LF:123
LH:99
BRDA:46,0,0,0
BRDA:46,0,1,1
BRDA:49,1,0,0
BRDA:49,1,1,1
BRDA:53,2,0,0
BRDA:53,2,1,1
BRDA:53,3,0,1
BRDA:53,3,1,0
BRDA:61,4,0,0
BRDA:61,4,1,1
BRDA:74,5,0,20
BRDA:74,5,1,2
BRDA:77,6,0,0
BRDA:77,6,1,22
BRDA:78,7,0,22
BRDA:78,7,1,0
BRDA:78,7,2,0
BRDA:97,8,0,3
BRDA:97,8,1,1
BRDA:97,9,0,4
BRDA:97,9,1,3
BRDA:136,10,0,0
BRDA:136,10,1,4
BRDA:141,11,0,0
BRDA:141,11,1,4
BRDA:151,12,0,0
BRDA:151,12,1,2
BRDA:162,13,0,0
BRDA:162,13,1,3
BRDA:185,14,0,25
BRDA:185,14,1,4
BRDA:195,15,0,29
BRDA:195,15,1,0
BRDA:217,16,0,0
BRDA:217,16,1,0
BRDA:218,17,0,0
BRDA:218,17,1,0
BRDA:218,17,2,0
BRDA:239,18,0,5
BRDA:239,18,1,0
BRDA:239,19,0,5
BRDA:239,19,1,5
BRDA:245,20,0,5
BRDA:245,20,1,2
BRDA:248,21,0,1
BRDA:248,21,1,4
BRDA:249,22,0,5
BRDA:249,22,1,0
BRDA:249,22,2,5
BRDA:259,23,0,1
BRDA:259,23,1,0
BRDA:260,24,0,1
BRDA:260,24,1,0
BRDA:271,25,0,5
BRDA:271,25,1,1
BRDA:271,25,2,1
BRDA:279,26,0,5
BRDA:279,26,1,0
BRDA:280,27,0,5
BRDA:280,27,1,4
BRDA:282,28,0,1
BRDA:282,28,1,4
BRDA:289,29,0,5
BRDA:289,29,1,0
BRDA:299,30,0,0
BRDA:299,30,1,5
BRDA:304,31,0,0
BRDA:304,31,1,5
BRF:68
BRH:42
end_of_record
TN:
SF:src/utils/MultiplySymbol.tsx
FN:1,(anonymous_0)
FNF:1
FNH:1
FNDA:133,(anonymous_0)
DA:1,133
LF:1
LH:1
BRF:0
BRH:0
end_of_record
TN:
SF:src/utils/array.ts
FN:2,findNextConsecutiveIndex
FN:13,(anonymous_1)
FN:29,(anonymous_2)
FNF:3
FNH:3
FNDA:6,findNextConsecutiveIndex
FNDA:10,(anonymous_1)
FNDA:4,(anonymous_2)
DA:7,6
DA:8,1
DA:10,5
DA:12,5
DA:13,10
DA:16,2
DA:18,2
DA:19,2
DA:20,2
DA:22,2
DA:28,2
DA:29,2
DA:30,4
DA:31,1
DA:35,4
DA:36,2
DA:39,2
DA:43,1
DA:47,2
DA:48,1
DA:50,1
DA:52,1
DA:53,2
DA:54,2
DA:55,1
DA:58,0
LF:26
LH:25
BRDA:5,0,0,3
BRDA:7,1,0,1
BRDA:7,1,1,5
BRDA:12,2,0,3
BRDA:12,2,1,2
BRDA:30,3,0,1
BRDA:30,3,1,3
BRDA:30,4,0,4
BRDA:30,4,1,4
BRDA:35,5,0,2
BRDA:35,5,1,2
BRDA:39,6,0,1
BRDA:39,6,1,1
BRDA:40,7,0,2
BRDA:40,7,1,2
BRDA:47,8,0,1
BRDA:47,8,1,1
BRDA:54,9,0,1
BRDA:54,9,1,1
BRF:19
BRH:19
end_of_record
TN:
SF:src/utils/colors.ts
FN:5,hexToRGB
FN:28,toHex
FN:32,rgbaToHexA
FN:37,rgbToRgba
FN:75,(anonymous_4)
FN:83,(anonymous_5)
FN:92,(anonymous_6)
FNF:7
FNH:7
FNDA:17,hexToRGB
FNDA:28,toHex
FNDA:7,rgbaToHexA
FNDA:14,rgbToRgba
FNDA:8,(anonymous_4)
FNDA:14,(anonymous_5)
FNDA:7,(anonymous_6)
DA:11,17
DA:12,1
DA:13,1
DA:14,1
DA:17,16
DA:18,15
DA:19,15
DA:20,15
DA:22,1
DA:25,16
DA:29,28
DA:33,7
DA:34,7
DA:38,14
DA:39,14
DA:45,6
DA:46,6
DA:75,6
DA:79,8
DA:80,1
DA:83,7
DA:86,14
DA:89,14
DA:92,7
DA:93,7
DA:96,7
LF:26
LH:26
BRDA:11,0,0,1
BRDA:11,0,1,16
BRDA:17,1,0,15
BRDA:17,1,1,1
BRDA:37,2,0,0
BRDA:77,3,0,3
BRDA:77,4,0,6
BRDA:79,5,0,1
BRDA:79,5,1,7
BRDA:86,6,0,5
BRDA:86,6,1,9
BRDA:86,7,0,14
BRDA:86,7,1,12
BRF:13
BRH:12
end_of_record
TN:
SF:src/utils/constants.ts
FN:9,(anonymous_0)
FN:108,(anonymous_1)
FNF:2
FNH:0
FNDA:0,(anonymous_0)
FNDA:0,(anonymous_1)
DA:9,6
DA:12,6
DA:14,6
DA:16,6
DA:17,6
DA:18,6
DA:19,6
DA:25,6
DA:28,6
DA:31,6
DA:35,6
DA:37,6
DA:39,6
DA:41,6
DA:43,6
DA:45,6
DA:47,6
DA:49,6
DA:51,6
DA:53,6
DA:55,6
DA:57,6
DA:59,6
DA:61,6
DA:63,6
DA:65,6
DA:67,6
DA:88,6
DA:108,0
DA:115,6
DA:135,6
LF:31
LH:30
BRF:0
BRH:0
end_of_record
TN:
SF:src/utils/highlights.ts
FN:4,(anonymous_0)
FNF:1
FNH:1
FNDA:4,(anonymous_0)
DA:4,6
DA:9,4
DA:10,2
DA:12,2
LF:4
LH:4
BRDA:7,0,0,3
BRDA:9,1,0,2
BRDA:9,1,1,2
BRF:3
BRH:3
end_of_record
TN:
SF:src/utils/is-url-supported.ts
FN:7,(anonymous_0)
FN:8,(anonymous_1)
FN:10,(anonymous_2)
FNF:3
FNH:3
FNDA:57,(anonymous_0)
FNDA:30,(anonymous_1)
FNDA:29,(anonymous_2)
DA:3,7
DA:5,7
DA:7,57
DA:8,30
DA:10,29
LF:5
LH:5
BRDA:10,0,0,29
BRDA:10,0,1,24
BRF:2
BRH:2
end_of_record
TN:
SF:src/utils/media-utils.ts
FN:6,(anonymous_0)
FN:12,(anonymous_1)
FN:25,(anonymous_2)
FNF:3
FNH:2
FNDA:56,(anonymous_0)
FNDA:56,(anonymous_1)
FNDA:0,(anonymous_2)
DA:6,5
DA:7,56
DA:12,5
DA:13,56
DA:15,56
DA:16,49
DA:18,7
DA:25,5
DA:26,0
LF:9
LH:8
BRDA:15,0,0,49
BRDA:15,0,1,7
BRF:2
BRH:2
end_of_record
TN:
SF:src/utils/number.ts
FN:2,(anonymous_0)
FNF:1
FNH:1
FNDA:8,(anonymous_0)
DA:2,8
LF:1
LH:1
BRF:0
BRH:0
end_of_record
TN:
SF:src/utils/sleep.ts
FN:1,(anonymous_0)
FN:2,(anonymous_1)
FNF:2
FNH:2
FNDA:28,(anonymous_0)
FNDA:28,(anonymous_1)
DA:1,6
DA:2,28
LF:2
LH:2
BRF:0
BRH:0
end_of_record
TN:
SF:src/utils/testing-render.tsx
FN:22,(anonymous_0)
FN:40,setupMediaProvider
FN:45,NullComponent
FN:50,TestComponent
FNF:4
FNH:4
FNDA:1,(anonymous_0)
FNDA:15,setupMediaProvider
FNDA:50,NullComponent
FNDA:15,TestComponent
DA:20,5
DA:22,5
DA:26,1
DA:44,15
DA:46,50
DA:47,50
DA:48,50
DA:51,15
DA:67,15
LF:9
LH:9
BRF:0
BRH:0
end_of_record
TN:
SF:src/utils/time.ts
FN:6,padTime
FN:13,(anonymous_1)
FNF:2
FNH:2
FNDA:76,padTime
FNDA:68,(anonymous_1)
DA:7,76
DA:13,6
DA:14,68
DA:16,68
DA:17,68
DA:18,68
DA:19,68
DA:21,68
DA:22,4
DA:23,2
DA:25,2
DA:28,64
LF:12
LH:12
BRDA:13,0,0,64
BRDA:21,1,0,4
BRDA:21,1,1,64
BRDA:22,2,0,2
BRDA:22,2,1,2
BRDA:28,3,0,62
BRDA:28,3,1,2
BRF:7
BRH:7
end_of_record
